11-02 23:55:23 com_github_MitjaNemec_PlaceFootprints.action_place_footprints 647:Plugin executed on: 'win32'
11-02 23:55:23 com_github_MitjaNemec_PlaceFootprints.action_place_footprints 648:Plugin executed with python version: '3.11.5 (main, Jan 19 2024, 08:13:45) [MSC v.1936 64 bit (AMD64)]'
11-02 23:55:23 com_github_MitjaNemec_PlaceFootprints.action_place_footprints 649:KiCad build version: 8.0.1
11-02 23:55:23 com_github_MitjaNemec_PlaceFootprints.action_place_footprints 650:Plugin version: 3.0.0
11-02 23:55:23 com_github_MitjaNemec_PlaceFootprints.action_place_footprints 651:Frame repr: <wx._core.Frame object at 0x00000247832C05E0>
11-02 23:55:23 com_github_MitjaNemec_PlaceFootprints.place_footprints 121:getting a list of all footprints on board
11-02 23:55:23 com_github_MitjaNemec_PlaceFootprints.place_footprints 156:Footprint J1 on root level
11-02 23:55:23 com_github_MitjaNemec_PlaceFootprints.place_footprints 156:Footprint D16 on root level
11-02 23:55:23 com_github_MitjaNemec_PlaceFootprints.place_footprints 156:Footprint D15 on root level
11-02 23:55:23 com_github_MitjaNemec_PlaceFootprints.place_footprints 156:Footprint D14 on root level
11-02 23:55:23 com_github_MitjaNemec_PlaceFootprints.place_footprints 156:Footprint D13 on root level
11-02 23:55:23 com_github_MitjaNemec_PlaceFootprints.place_footprints 156:Footprint D12 on root level
11-02 23:55:23 com_github_MitjaNemec_PlaceFootprints.place_footprints 156:Footprint D11 on root level
11-02 23:55:23 com_github_MitjaNemec_PlaceFootprints.place_footprints 156:Footprint D10 on root level
11-02 23:55:23 com_github_MitjaNemec_PlaceFootprints.place_footprints 156:Footprint D9 on root level
11-02 23:55:23 com_github_MitjaNemec_PlaceFootprints.place_footprints 156:Footprint D8 on root level
11-02 23:55:23 com_github_MitjaNemec_PlaceFootprints.place_footprints 156:Footprint D7 on root level
11-02 23:55:23 com_github_MitjaNemec_PlaceFootprints.place_footprints 156:Footprint D6 on root level
11-02 23:55:23 com_github_MitjaNemec_PlaceFootprints.place_footprints 156:Footprint D5 on root level
11-02 23:55:23 com_github_MitjaNemec_PlaceFootprints.place_footprints 156:Footprint D4 on root level
11-02 23:55:23 com_github_MitjaNemec_PlaceFootprints.place_footprints 156:Footprint D3 on root level
11-02 23:55:23 com_github_MitjaNemec_PlaceFootprints.place_footprints 156:Footprint D2 on root level
11-02 23:55:23 com_github_MitjaNemec_PlaceFootprints.place_footprints 156:Footprint D1 on root level
11-02 23:55:23 com_github_MitjaNemec_PlaceFootprints.place_footprints 156:Footprint C16 on root level
11-02 23:55:23 com_github_MitjaNemec_PlaceFootprints.place_footprints 156:Footprint C15 on root level
11-02 23:55:23 com_github_MitjaNemec_PlaceFootprints.place_footprints 156:Footprint C14 on root level
11-02 23:55:23 com_github_MitjaNemec_PlaceFootprints.place_footprints 156:Footprint C13 on root level
11-02 23:55:23 com_github_MitjaNemec_PlaceFootprints.place_footprints 156:Footprint C12 on root level
11-02 23:55:23 com_github_MitjaNemec_PlaceFootprints.place_footprints 156:Footprint C11 on root level
11-02 23:55:23 com_github_MitjaNemec_PlaceFootprints.place_footprints 156:Footprint C10 on root level
11-02 23:55:23 com_github_MitjaNemec_PlaceFootprints.place_footprints 156:Footprint C9 on root level
11-02 23:55:23 com_github_MitjaNemec_PlaceFootprints.place_footprints 156:Footprint C8 on root level
11-02 23:55:23 com_github_MitjaNemec_PlaceFootprints.place_footprints 156:Footprint C7 on root level
11-02 23:55:23 com_github_MitjaNemec_PlaceFootprints.place_footprints 156:Footprint C6 on root level
11-02 23:55:23 com_github_MitjaNemec_PlaceFootprints.place_footprints 156:Footprint C5 on root level
11-02 23:55:23 com_github_MitjaNemec_PlaceFootprints.place_footprints 156:Footprint C4 on root level
11-02 23:55:23 com_github_MitjaNemec_PlaceFootprints.place_footprints 156:Footprint C3 on root level
11-02 23:55:23 com_github_MitjaNemec_PlaceFootprints.place_footprints 156:Footprint C2 on root level
11-02 23:55:23 com_github_MitjaNemec_PlaceFootprints.place_footprints 156:Footprint C1 on root level
11-02 23:55:24 com_github_MitjaNemec_PlaceFootprints.action_place_footprints 830:Reference designator is: C
11-02 23:55:24 com_github_MitjaNemec_PlaceFootprints.action_place_footprints 831:Reference number is: 1
11-02 23:55:24 com_github_MitjaNemec_PlaceFootprints.action_place_footprints 863:Sorted and filtered list:
['C1', 'C2', 'C3', 'C4', 'C5', 'C6', 'C7', 'C8', 'C9', 'C10', 'C11', 'C12', 'C13', 'C14', 'C15', 'C16']
11-02 23:55:24 com_github_MitjaNemec_PlaceFootprints.action_place_footprints 359:wx.Colour(240, 240, 240, 255)
11-02 23:55:29 com_github_MitjaNemec_PlaceFootprints.action_place_footprints 490:'53.75'
11-02 23:55:29 com_github_MitjaNemec_PlaceFootprints.action_place_footprints 542:Preparing config for reference circular
11-02 23:55:29 com_github_MitjaNemec_PlaceFootprints.action_place_footprints 556:Saving config file
11-02 23:55:29 com_github_MitjaNemec_PlaceFootprints.action_place_footprints 558:Saved the config file
11-02 23:55:29 com_github_MitjaNemec_PlaceFootprints.action_place_footprints 901:Footprints to place:
['C1', 'C2', 'C3', 'C4', 'C5', 'C6', 'C7', 'C8', 'C9', 'C10', 'C11', 'C12', 'C13', 'C14', 'C15', 'C16']
11-02 23:55:29 com_github_MitjaNemec_PlaceFootprints.place_footprints 330:Starting placing with circular layout
11-02 23:55:29 com_github_MitjaNemec_PlaceFootprints.place_footprints 340:reference footprint position at: VECTOR2I(0, -53750000)
11-02 23:55:29 com_github_MitjaNemec_PlaceFootprints.place_footprints 345:rotation center at: (0, 0.0)
11-02 23:55:29 com_github_MitjaNemec_PlaceFootprints.place_footprints 477:Text of: C1 has property "Keep upright" rotation might not look as intended
11-02 23:55:29 com_github_MitjaNemec_PlaceFootprints.place_footprints 477:Text of: C1 has property "Keep upright" rotation might not look as intended
11-02 23:55:29 com_github_MitjaNemec_PlaceFootprints.place_footprints 477:Text of: C1 has property "Keep upright" rotation might not look as intended
11-02 23:55:29 com_github_MitjaNemec_PlaceFootprints.place_footprints 477:Text of: C1 has property "Keep upright" rotation might not look as intended
11-02 23:55:29 com_github_MitjaNemec_PlaceFootprints.place_footprints 477:Text of: C1 has property "Keep upright" rotation might not look as intended
11-02 23:55:29 com_github_MitjaNemec_PlaceFootprints.place_footprints 477:Text of: C1 has property "Keep upright" rotation might not look as intended
11-02 23:55:29 com_github_MitjaNemec_PlaceFootprints.place_footprints 477:Text of: C1 has property "Keep upright" rotation might not look as intended
11-02 23:55:29 com_github_MitjaNemec_PlaceFootprints.place_footprints 477:Text of: C1 has property "Keep upright" rotation might not look as intended
11-02 23:55:29 com_github_MitjaNemec_PlaceFootprints.place_footprints 477:Text of: C1 has property "Keep upright" rotation might not look as intended
11-02 23:55:29 com_github_MitjaNemec_PlaceFootprints.place_footprints 477:Text of: C1 has property "Keep upright" rotation might not look as intended
11-02 23:55:29 com_github_MitjaNemec_PlaceFootprints.place_footprints 477:Text of: C1 has property "Keep upright" rotation might not look as intended
11-02 23:55:29 com_github_MitjaNemec_PlaceFootprints.place_footprints 477:Text of: C1 has property "Keep upright" rotation might not look as intended
11-02 23:55:29 com_github_MitjaNemec_PlaceFootprints.place_footprints 477:Text of: C1 has property "Keep upright" rotation might not look as intended
11-02 23:55:29 com_github_MitjaNemec_PlaceFootprints.place_footprints 477:Text of: C1 has property "Keep upright" rotation might not look as intended
11-02 23:55:29 com_github_MitjaNemec_PlaceFootprints.place_footprints 477:Text of: C1 has property "Keep upright" rotation might not look as intended
11-02 23:55:29 com_github_MitjaNemec_PlaceFootprints.place_footprints 477:Text of: C1 has property "Keep upright" rotation might not look as intended
11-02 23:55:29 com_github_MitjaNemec_PlaceFootprints.place_footprints 477:Text of: C1 has property "Keep upright" rotation might not look as intended
11-02 23:55:29 com_github_MitjaNemec_PlaceFootprints.place_footprints 477:Text of: C1 has property "Keep upright" rotation might not look as intended
11-02 23:55:29 com_github_MitjaNemec_PlaceFootprints.place_footprints 477:Text of: C1 has property "Keep upright" rotation might not look as intended
11-02 23:55:29 com_github_MitjaNemec_PlaceFootprints.place_footprints 477:Text of: C1 has property "Keep upright" rotation might not look as intended
11-02 23:55:29 com_github_MitjaNemec_PlaceFootprints.place_footprints 477:Text of: C1 has property "Keep upright" rotation might not look as intended
11-02 23:55:29 com_github_MitjaNemec_PlaceFootprints.place_footprints 477:Text of: C1 has property "Keep upright" rotation might not look as intended
11-02 23:55:29 com_github_MitjaNemec_PlaceFootprints.place_footprints 477:Text of: C1 has property "Keep upright" rotation might not look as intended
11-02 23:55:29 com_github_MitjaNemec_PlaceFootprints.place_footprints 477:Text of: C1 has property "Keep upright" rotation might not look as intended
11-02 23:55:29 com_github_MitjaNemec_PlaceFootprints.place_footprints 477:Text of: C1 has property "Keep upright" rotation might not look as intended
11-02 23:55:29 com_github_MitjaNemec_PlaceFootprints.place_footprints 477:Text of: C1 has property "Keep upright" rotation might not look as intended
11-02 23:55:29 com_github_MitjaNemec_PlaceFootprints.place_footprints 477:Text of: C1 has property "Keep upright" rotation might not look as intended
11-02 23:55:29 com_github_MitjaNemec_PlaceFootprints.place_footprints 477:Text of: C1 has property "Keep upright" rotation might not look as intended
11-02 23:55:29 com_github_MitjaNemec_PlaceFootprints.place_footprints 477:Text of: C1 has property "Keep upright" rotation might not look as intended
11-02 23:55:29 com_github_MitjaNemec_PlaceFootprints.place_footprints 477:Text of: C1 has property "Keep upright" rotation might not look as intended
11-02 23:55:29 com_github_MitjaNemec_PlaceFootprints.place_footprints 477:Text of: C1 has property "Keep upright" rotation might not look as intended
11-02 23:55:29 com_github_MitjaNemec_PlaceFootprints.place_footprints 477:Text of: C1 has property "Keep upright" rotation might not look as intended
11-02 23:55:29 com_github_MitjaNemec_PlaceFootprints.place_footprints 477:Text of: C1 has property "Keep upright" rotation might not look as intended
11-02 23:55:29 com_github_MitjaNemec_PlaceFootprints.place_footprints 477:Text of: C1 has property "Keep upright" rotation might not look as intended
11-02 23:55:29 com_github_MitjaNemec_PlaceFootprints.place_footprints 477:Text of: C1 has property "Keep upright" rotation might not look as intended
11-02 23:55:29 com_github_MitjaNemec_PlaceFootprints.place_footprints 477:Text of: C1 has property "Keep upright" rotation might not look as intended
11-02 23:55:29 com_github_MitjaNemec_PlaceFootprints.place_footprints 477:Text of: C1 has property "Keep upright" rotation might not look as intended
11-02 23:55:29 com_github_MitjaNemec_PlaceFootprints.place_footprints 477:Text of: C1 has property "Keep upright" rotation might not look as intended
11-02 23:55:29 com_github_MitjaNemec_PlaceFootprints.place_footprints 477:Text of: C1 has property "Keep upright" rotation might not look as intended
11-02 23:55:29 com_github_MitjaNemec_PlaceFootprints.place_footprints 477:Text of: C1 has property "Keep upright" rotation might not look as intended
11-02 23:55:29 com_github_MitjaNemec_PlaceFootprints.place_footprints 477:Text of: C1 has property "Keep upright" rotation might not look as intended
11-02 23:55:29 com_github_MitjaNemec_PlaceFootprints.place_footprints 477:Text of: C1 has property "Keep upright" rotation might not look as intended
11-02 23:55:29 com_github_MitjaNemec_PlaceFootprints.place_footprints 477:Text of: C1 has property "Keep upright" rotation might not look as intended
11-02 23:55:29 com_github_MitjaNemec_PlaceFootprints.place_footprints 477:Text of: C1 has property "Keep upright" rotation might not look as intended
11-02 23:55:29 com_github_MitjaNemec_PlaceFootprints.place_footprints 477:Text of: C1 has property "Keep upright" rotation might not look as intended
11-02 23:55:29 com_github_MitjaNemec_PlaceFootprints.action_place_footprints 916:Placing complete
