12-18 00:00:13 com_github_bouni_kicad-jlcpcb-tools.store 210:Part R46 does not exist in the database and will be created from the board.
12-18 00:00:13 com_github_bouni_kicad-jlcpcb-tools.store 210:Part R45 does not exist in the database and will be created from the board.
12-18 00:00:13 com_github_bouni_kicad-jlcpcb-tools.store 210:Part R44 does not exist in the database and will be created from the board.
12-18 00:00:13 com_github_bouni_kicad-jlcpcb-tools.store 210:Part R43 does not exist in the database and will be created from the board.
12-18 00:00:13 com_github_bouni_kicad-jlcpcb-tools.store 210:Part R42 does not exist in the database and will be created from the board.
12-18 00:00:13 com_github_bouni_kicad-jlcpcb-tools.store 210:Part R41 does not exist in the database and will be created from the board.
12-18 00:00:13 com_github_bouni_kicad-jlcpcb-tools.store 210:Part R40 does not exist in the database and will be created from the board.
12-18 00:00:13 com_github_bouni_kicad-jlcpcb-tools.store 210:Part R39 does not exist in the database and will be created from the board.
12-18 00:00:13 com_github_bouni_kicad-jlcpcb-tools.store 210:Part R38 does not exist in the database and will be created from the board.
12-18 00:00:13 com_github_bouni_kicad-jlcpcb-tools.store 210:Part R37 does not exist in the database and will be created from the board.
12-18 00:00:14 com_github_bouni_kicad-jlcpcb-tools.store 210:Part R36 does not exist in the database and will be created from the board.
12-18 00:00:14 com_github_bouni_kicad-jlcpcb-tools.store 210:Part R35 does not exist in the database and will be created from the board.
12-18 00:00:14 com_github_bouni_kicad-jlcpcb-tools.store 210:Part R34 does not exist in the database and will be created from the board.
12-18 00:00:14 com_github_bouni_kicad-jlcpcb-tools.store 210:Part R33 does not exist in the database and will be created from the board.
12-18 00:00:14 com_github_bouni_kicad-jlcpcb-tools.store 210:Part R32 does not exist in the database and will be created from the board.
12-18 00:00:14 com_github_bouni_kicad-jlcpcb-tools.store 210:Part R31 does not exist in the database and will be created from the board.
12-18 00:00:14 com_github_bouni_kicad-jlcpcb-tools.store 210:Part R30 does not exist in the database and will be created from the board.
12-18 00:00:14 com_github_bouni_kicad-jlcpcb-tools.store 210:Part R29 does not exist in the database and will be created from the board.
12-18 00:00:14 com_github_bouni_kicad-jlcpcb-tools.store 210:Part R28 does not exist in the database and will be created from the board.
12-18 00:00:14 com_github_bouni_kicad-jlcpcb-tools.store 210:Part R27 does not exist in the database and will be created from the board.
12-18 00:00:14 com_github_bouni_kicad-jlcpcb-tools.store 210:Part R26 does not exist in the database and will be created from the board.
12-18 00:00:14 com_github_bouni_kicad-jlcpcb-tools.store 210:Part R25 does not exist in the database and will be created from the board.
12-18 00:00:14 com_github_bouni_kicad-jlcpcb-tools.store 246:Part R23 is already in the database but value, footprint, bom or pos values changed in the board file, part will be updated, lcsc overwritten/cleared.
12-18 00:00:14 com_github_bouni_kicad-jlcpcb-tools.store 246:Part R22 is already in the database but value, footprint, bom or pos values changed in the board file, part will be updated, lcsc overwritten/cleared.
12-18 00:00:14 com_github_bouni_kicad-jlcpcb-tools.store 246:Part R21 is already in the database but value, footprint, bom or pos values changed in the board file, part will be updated, lcsc overwritten/cleared.
12-18 00:00:14 com_github_bouni_kicad-jlcpcb-tools.store 246:Part R20 is already in the database but value, footprint, bom or pos values changed in the board file, part will be updated, lcsc overwritten/cleared.
12-18 00:00:14 com_github_bouni_kicad-jlcpcb-tools.store 246:Part R19 is already in the database but value, footprint, bom or pos values changed in the board file, part will be updated, lcsc overwritten/cleared.
12-18 00:00:14 com_github_bouni_kicad-jlcpcb-tools.store 246:Part R18 is already in the database but value, footprint, bom or pos values changed in the board file, part will be updated, lcsc overwritten/cleared.
12-18 00:00:14 com_github_bouni_kicad-jlcpcb-tools.store 246:Part R17 is already in the database but value, footprint, bom or pos values changed in the board file, part will be updated, lcsc overwritten/cleared.
12-18 00:00:14 com_github_bouni_kicad-jlcpcb-tools.store 246:Part R16 is already in the database but value, footprint, bom or pos values changed in the board file, part will be updated, lcsc overwritten/cleared.
12-18 00:00:14 com_github_bouni_kicad-jlcpcb-tools.store 246:Part R15 is already in the database but value, footprint, bom or pos values changed in the board file, part will be updated, lcsc overwritten/cleared.
12-18 00:00:14 com_github_bouni_kicad-jlcpcb-tools.store 246:Part R14 is already in the database but value, footprint, bom or pos values changed in the board file, part will be updated, lcsc overwritten/cleared.
12-18 00:00:14 com_github_bouni_kicad-jlcpcb-tools.store 246:Part R13 is already in the database but value, footprint, bom or pos values changed in the board file, part will be updated, lcsc overwritten/cleared.
12-18 00:00:14 com_github_bouni_kicad-jlcpcb-tools.store 246:Part R12 is already in the database but value, footprint, bom or pos values changed in the board file, part will be updated, lcsc overwritten/cleared.
12-18 00:00:14 com_github_bouni_kicad-jlcpcb-tools.store 246:Part R11 is already in the database but value, footprint, bom or pos values changed in the board file, part will be updated, lcsc overwritten/cleared.
12-18 00:00:14 com_github_bouni_kicad-jlcpcb-tools.store 246:Part R10 is already in the database but value, footprint, bom or pos values changed in the board file, part will be updated, lcsc overwritten/cleared.
12-18 00:00:14 com_github_bouni_kicad-jlcpcb-tools.store 246:Part R9 is already in the database but value, footprint, bom or pos values changed in the board file, part will be updated, lcsc overwritten/cleared.
12-18 00:00:14 com_github_bouni_kicad-jlcpcb-tools.store 246:Part R8 is already in the database but value, footprint, bom or pos values changed in the board file, part will be updated, lcsc overwritten/cleared.
12-18 00:00:14 com_github_bouni_kicad-jlcpcb-tools.store 246:Part R7 is already in the database but value, footprint, bom or pos values changed in the board file, part will be updated, lcsc overwritten/cleared.
12-18 00:00:14 com_github_bouni_kicad-jlcpcb-tools.store 246:Part R6 is already in the database but value, footprint, bom or pos values changed in the board file, part will be updated, lcsc overwritten/cleared.
12-18 00:00:14 com_github_bouni_kicad-jlcpcb-tools.store 246:Part R5 is already in the database but value, footprint, bom or pos values changed in the board file, part will be updated, lcsc overwritten/cleared.
12-18 00:00:14 com_github_bouni_kicad-jlcpcb-tools.store 246:Part R4 is already in the database but value, footprint, bom or pos values changed in the board file, part will be updated, lcsc overwritten/cleared.
12-18 00:00:14 com_github_bouni_kicad-jlcpcb-tools.store 246:Part R3 is already in the database but value, footprint, bom or pos values changed in the board file, part will be updated, lcsc overwritten/cleared.
12-18 00:00:14 com_github_bouni_kicad-jlcpcb-tools.store 246:Part R2 is already in the database but value, footprint, bom or pos values changed in the board file, part will be updated, lcsc overwritten/cleared.
12-18 00:00:14 com_github_bouni_kicad-jlcpcb-tools.store 246:Part R1 is already in the database but value, footprint, bom or pos values changed in the board file, part will be updated, lcsc overwritten/cleared.
12-18 00:00:14 com_github_bouni_kicad-jlcpcb-tools.store 246:Part Q22 is already in the database but value, footprint, bom or pos values changed in the board file, part will be updated, lcsc overwritten/cleared.
12-18 00:00:14 com_github_bouni_kicad-jlcpcb-tools.store 246:Part Q21 is already in the database but value, footprint, bom or pos values changed in the board file, part will be updated, lcsc overwritten/cleared.
12-18 00:00:14 com_github_bouni_kicad-jlcpcb-tools.store 246:Part Q20 is already in the database but value, footprint, bom or pos values changed in the board file, part will be updated, lcsc overwritten/cleared.
12-18 00:00:14 com_github_bouni_kicad-jlcpcb-tools.store 246:Part Q19 is already in the database but value, footprint, bom or pos values changed in the board file, part will be updated, lcsc overwritten/cleared.
12-18 00:00:14 com_github_bouni_kicad-jlcpcb-tools.store 246:Part Q18 is already in the database but value, footprint, bom or pos values changed in the board file, part will be updated, lcsc overwritten/cleared.
12-18 00:00:14 com_github_bouni_kicad-jlcpcb-tools.store 246:Part Q17 is already in the database but value, footprint, bom or pos values changed in the board file, part will be updated, lcsc overwritten/cleared.
12-18 00:00:14 com_github_bouni_kicad-jlcpcb-tools.store 246:Part Q16 is already in the database but value, footprint, bom or pos values changed in the board file, part will be updated, lcsc overwritten/cleared.
12-18 00:00:14 com_github_bouni_kicad-jlcpcb-tools.store 246:Part Q15 is already in the database but value, footprint, bom or pos values changed in the board file, part will be updated, lcsc overwritten/cleared.
12-18 00:00:14 com_github_bouni_kicad-jlcpcb-tools.store 246:Part Q14 is already in the database but value, footprint, bom or pos values changed in the board file, part will be updated, lcsc overwritten/cleared.
12-18 00:00:14 com_github_bouni_kicad-jlcpcb-tools.store 246:Part Q13 is already in the database but value, footprint, bom or pos values changed in the board file, part will be updated, lcsc overwritten/cleared.
12-18 00:00:14 com_github_bouni_kicad-jlcpcb-tools.store 246:Part Q12 is already in the database but value, footprint, bom or pos values changed in the board file, part will be updated, lcsc overwritten/cleared.
12-18 00:00:14 com_github_bouni_kicad-jlcpcb-tools.store 246:Part Q11 is already in the database but value, footprint, bom or pos values changed in the board file, part will be updated, lcsc overwritten/cleared.
12-18 00:00:14 com_github_bouni_kicad-jlcpcb-tools.store 246:Part Q10 is already in the database but value, footprint, bom or pos values changed in the board file, part will be updated, lcsc overwritten/cleared.
12-18 00:00:14 com_github_bouni_kicad-jlcpcb-tools.store 246:Part Q9 is already in the database but value, footprint, bom or pos values changed in the board file, part will be updated, lcsc overwritten/cleared.
12-18 00:00:14 com_github_bouni_kicad-jlcpcb-tools.store 246:Part Q8 is already in the database but value, footprint, bom or pos values changed in the board file, part will be updated, lcsc overwritten/cleared.
12-18 00:00:14 com_github_bouni_kicad-jlcpcb-tools.store 246:Part Q7 is already in the database but value, footprint, bom or pos values changed in the board file, part will be updated, lcsc overwritten/cleared.
12-18 00:00:14 com_github_bouni_kicad-jlcpcb-tools.store 246:Part Q6 is already in the database but value, footprint, bom or pos values changed in the board file, part will be updated, lcsc overwritten/cleared.
12-18 00:00:14 com_github_bouni_kicad-jlcpcb-tools.store 246:Part Q5 is already in the database but value, footprint, bom or pos values changed in the board file, part will be updated, lcsc overwritten/cleared.
12-18 00:00:14 com_github_bouni_kicad-jlcpcb-tools.store 246:Part Q4 is already in the database but value, footprint, bom or pos values changed in the board file, part will be updated, lcsc overwritten/cleared.
12-18 00:00:14 com_github_bouni_kicad-jlcpcb-tools.store 246:Part Q3 is already in the database but value, footprint, bom or pos values changed in the board file, part will be updated, lcsc overwritten/cleared.
12-18 00:00:14 com_github_bouni_kicad-jlcpcb-tools.store 246:Part Q2 is already in the database but value, footprint, bom or pos values changed in the board file, part will be updated, lcsc overwritten/cleared.
12-18 00:00:14 com_github_bouni_kicad-jlcpcb-tools.store 246:Part Q1 is already in the database but value, footprint, bom or pos values changed in the board file, part will be updated, lcsc overwritten/cleared.
12-18 00:00:14 com_github_bouni_kicad-jlcpcb-tools.store 210:Part J2 does not exist in the database and will be created from the board.
12-18 00:00:14 com_github_bouni_kicad-jlcpcb-tools.store 246:Part J1 is already in the database but value, footprint, bom or pos values changed in the board file, part will be updated, lcsc overwritten/cleared.
12-18 00:00:14 com_github_bouni_kicad-jlcpcb-tools.store 246:Part D22 is already in the database but value, footprint, bom or pos values changed in the board file, part will be updated, lcsc overwritten/cleared.
12-18 00:00:14 com_github_bouni_kicad-jlcpcb-tools.store 246:Part D21 is already in the database but value, footprint, bom or pos values changed in the board file, part will be updated, lcsc overwritten/cleared.
12-18 00:00:14 com_github_bouni_kicad-jlcpcb-tools.store 246:Part D20 is already in the database but value, footprint, bom or pos values changed in the board file, part will be updated, lcsc overwritten/cleared.
12-18 00:00:14 com_github_bouni_kicad-jlcpcb-tools.store 246:Part D19 is already in the database but value, footprint, bom or pos values changed in the board file, part will be updated, lcsc overwritten/cleared.
12-18 00:00:14 com_github_bouni_kicad-jlcpcb-tools.store 246:Part D18 is already in the database but value, footprint, bom or pos values changed in the board file, part will be updated, lcsc overwritten/cleared.
12-18 00:00:14 com_github_bouni_kicad-jlcpcb-tools.store 246:Part D17 is already in the database but value, footprint, bom or pos values changed in the board file, part will be updated, lcsc overwritten/cleared.
12-18 00:00:15 com_github_bouni_kicad-jlcpcb-tools.store 246:Part D16 is already in the database but value, footprint, bom or pos values changed in the board file, part will be updated, lcsc overwritten/cleared.
12-18 00:00:15 com_github_bouni_kicad-jlcpcb-tools.store 246:Part D15 is already in the database but value, footprint, bom or pos values changed in the board file, part will be updated, lcsc overwritten/cleared.
12-18 00:00:15 com_github_bouni_kicad-jlcpcb-tools.store 246:Part D14 is already in the database but value, footprint, bom or pos values changed in the board file, part will be updated, lcsc overwritten/cleared.
12-18 00:00:15 com_github_bouni_kicad-jlcpcb-tools.store 246:Part D13 is already in the database but value, footprint, bom or pos values changed in the board file, part will be updated, lcsc overwritten/cleared.
12-18 00:00:15 com_github_bouni_kicad-jlcpcb-tools.store 246:Part D12 is already in the database but value, footprint, bom or pos values changed in the board file, part will be updated, lcsc overwritten/cleared.
12-18 00:00:15 com_github_bouni_kicad-jlcpcb-tools.store 246:Part D11 is already in the database but value, footprint, bom or pos values changed in the board file, part will be updated, lcsc overwritten/cleared.
12-18 00:00:15 com_github_bouni_kicad-jlcpcb-tools.store 246:Part D10 is already in the database but value, footprint, bom or pos values changed in the board file, part will be updated, lcsc overwritten/cleared.
12-18 00:00:15 com_github_bouni_kicad-jlcpcb-tools.store 246:Part D9 is already in the database but value, footprint, bom or pos values changed in the board file, part will be updated, lcsc overwritten/cleared.
12-18 00:00:15 com_github_bouni_kicad-jlcpcb-tools.store 246:Part D8 is already in the database but value, footprint, bom or pos values changed in the board file, part will be updated, lcsc overwritten/cleared.
12-18 00:00:15 com_github_bouni_kicad-jlcpcb-tools.store 246:Part D7 is already in the database but value, footprint, bom or pos values changed in the board file, part will be updated, lcsc overwritten/cleared.
12-18 00:00:15 com_github_bouni_kicad-jlcpcb-tools.store 246:Part D6 is already in the database but value, footprint, bom or pos values changed in the board file, part will be updated, lcsc overwritten/cleared.
12-18 00:00:15 com_github_bouni_kicad-jlcpcb-tools.store 246:Part D5 is already in the database but value, footprint, bom or pos values changed in the board file, part will be updated, lcsc overwritten/cleared.
12-18 00:00:15 com_github_bouni_kicad-jlcpcb-tools.store 246:Part D4 is already in the database but value, footprint, bom or pos values changed in the board file, part will be updated, lcsc overwritten/cleared.
12-18 00:00:15 com_github_bouni_kicad-jlcpcb-tools.store 246:Part D3 is already in the database but value, footprint, bom or pos values changed in the board file, part will be updated, lcsc overwritten/cleared.
12-18 00:00:15 com_github_bouni_kicad-jlcpcb-tools.store 246:Part D2 is already in the database but value, footprint, bom or pos values changed in the board file, part will be updated, lcsc overwritten/cleared.
12-18 00:00:15 com_github_bouni_kicad-jlcpcb-tools.store 246:Part D1 is already in the database but value, footprint, bom or pos values changed in the board file, part will be updated, lcsc overwritten/cleared.
12-18 00:04:10 com_github_bouni_kicad-jlcpcb-tools.store 246:Part R46 is already in the database but value, footprint, bom or pos values changed in the board file, part will be updated, lcsc overwritten/cleared.
12-18 00:04:10 com_github_bouni_kicad-jlcpcb-tools.store 246:Part R45 is already in the database but value, footprint, bom or pos values changed in the board file, part will be updated, lcsc overwritten/cleared.
12-18 00:04:10 com_github_bouni_kicad-jlcpcb-tools.store 246:Part R44 is already in the database but value, footprint, bom or pos values changed in the board file, part will be updated, lcsc overwritten/cleared.
12-18 00:04:11 com_github_bouni_kicad-jlcpcb-tools.store 246:Part R43 is already in the database but value, footprint, bom or pos values changed in the board file, part will be updated, lcsc overwritten/cleared.
12-18 00:04:11 com_github_bouni_kicad-jlcpcb-tools.store 246:Part R42 is already in the database but value, footprint, bom or pos values changed in the board file, part will be updated, lcsc overwritten/cleared.
12-18 00:04:11 com_github_bouni_kicad-jlcpcb-tools.store 246:Part R41 is already in the database but value, footprint, bom or pos values changed in the board file, part will be updated, lcsc overwritten/cleared.
12-18 00:04:11 com_github_bouni_kicad-jlcpcb-tools.store 246:Part R40 is already in the database but value, footprint, bom or pos values changed in the board file, part will be updated, lcsc overwritten/cleared.
12-18 00:04:11 com_github_bouni_kicad-jlcpcb-tools.store 246:Part R39 is already in the database but value, footprint, bom or pos values changed in the board file, part will be updated, lcsc overwritten/cleared.
12-18 00:04:11 com_github_bouni_kicad-jlcpcb-tools.store 246:Part R38 is already in the database but value, footprint, bom or pos values changed in the board file, part will be updated, lcsc overwritten/cleared.
12-18 00:04:11 com_github_bouni_kicad-jlcpcb-tools.store 246:Part R37 is already in the database but value, footprint, bom or pos values changed in the board file, part will be updated, lcsc overwritten/cleared.
12-18 00:04:11 com_github_bouni_kicad-jlcpcb-tools.store 246:Part R36 is already in the database but value, footprint, bom or pos values changed in the board file, part will be updated, lcsc overwritten/cleared.
12-18 00:04:11 com_github_bouni_kicad-jlcpcb-tools.store 246:Part R35 is already in the database but value, footprint, bom or pos values changed in the board file, part will be updated, lcsc overwritten/cleared.
12-18 00:04:11 com_github_bouni_kicad-jlcpcb-tools.store 246:Part R34 is already in the database but value, footprint, bom or pos values changed in the board file, part will be updated, lcsc overwritten/cleared.
12-18 00:04:11 com_github_bouni_kicad-jlcpcb-tools.store 246:Part R33 is already in the database but value, footprint, bom or pos values changed in the board file, part will be updated, lcsc overwritten/cleared.
12-18 00:04:11 com_github_bouni_kicad-jlcpcb-tools.store 246:Part R32 is already in the database but value, footprint, bom or pos values changed in the board file, part will be updated, lcsc overwritten/cleared.
12-18 00:04:11 com_github_bouni_kicad-jlcpcb-tools.store 246:Part R31 is already in the database but value, footprint, bom or pos values changed in the board file, part will be updated, lcsc overwritten/cleared.
12-18 00:04:11 com_github_bouni_kicad-jlcpcb-tools.store 246:Part R30 is already in the database but value, footprint, bom or pos values changed in the board file, part will be updated, lcsc overwritten/cleared.
12-18 00:04:11 com_github_bouni_kicad-jlcpcb-tools.store 246:Part R29 is already in the database but value, footprint, bom or pos values changed in the board file, part will be updated, lcsc overwritten/cleared.
12-18 00:04:11 com_github_bouni_kicad-jlcpcb-tools.store 246:Part R28 is already in the database but value, footprint, bom or pos values changed in the board file, part will be updated, lcsc overwritten/cleared.
12-18 00:04:11 com_github_bouni_kicad-jlcpcb-tools.store 246:Part R27 is already in the database but value, footprint, bom or pos values changed in the board file, part will be updated, lcsc overwritten/cleared.
12-18 00:04:11 com_github_bouni_kicad-jlcpcb-tools.store 246:Part R26 is already in the database but value, footprint, bom or pos values changed in the board file, part will be updated, lcsc overwritten/cleared.
12-18 00:04:11 com_github_bouni_kicad-jlcpcb-tools.store 246:Part R25 is already in the database but value, footprint, bom or pos values changed in the board file, part will be updated, lcsc overwritten/cleared.
12-18 00:04:11 com_github_bouni_kicad-jlcpcb-tools.store 246:Part R24 is already in the database but value, footprint, bom or pos values changed in the board file, part will be updated, lcsc overwritten/cleared.
12-18 00:04:11 com_github_bouni_kicad-jlcpcb-tools.store 246:Part R23 is already in the database but value, footprint, bom or pos values changed in the board file, part will be updated, lcsc overwritten/cleared.
12-18 00:04:11 com_github_bouni_kicad-jlcpcb-tools.store 246:Part R22 is already in the database but value, footprint, bom or pos values changed in the board file, part will be updated, lcsc overwritten/cleared.
12-18 00:04:12 com_github_bouni_kicad-jlcpcb-tools.store 246:Part R21 is already in the database but value, footprint, bom or pos values changed in the board file, part will be updated, lcsc overwritten/cleared.
12-18 00:04:12 com_github_bouni_kicad-jlcpcb-tools.store 246:Part R20 is already in the database but value, footprint, bom or pos values changed in the board file, part will be updated, lcsc overwritten/cleared.
12-18 00:04:12 com_github_bouni_kicad-jlcpcb-tools.store 246:Part R19 is already in the database but value, footprint, bom or pos values changed in the board file, part will be updated, lcsc overwritten/cleared.
12-18 00:04:12 com_github_bouni_kicad-jlcpcb-tools.store 246:Part R18 is already in the database but value, footprint, bom or pos values changed in the board file, part will be updated, lcsc overwritten/cleared.
12-18 00:04:12 com_github_bouni_kicad-jlcpcb-tools.store 246:Part R17 is already in the database but value, footprint, bom or pos values changed in the board file, part will be updated, lcsc overwritten/cleared.
12-18 00:04:12 com_github_bouni_kicad-jlcpcb-tools.store 246:Part R16 is already in the database but value, footprint, bom or pos values changed in the board file, part will be updated, lcsc overwritten/cleared.
12-18 00:04:12 com_github_bouni_kicad-jlcpcb-tools.store 246:Part R15 is already in the database but value, footprint, bom or pos values changed in the board file, part will be updated, lcsc overwritten/cleared.
12-18 00:04:12 com_github_bouni_kicad-jlcpcb-tools.store 246:Part R14 is already in the database but value, footprint, bom or pos values changed in the board file, part will be updated, lcsc overwritten/cleared.
12-18 00:04:12 com_github_bouni_kicad-jlcpcb-tools.store 246:Part R13 is already in the database but value, footprint, bom or pos values changed in the board file, part will be updated, lcsc overwritten/cleared.
12-18 00:04:12 com_github_bouni_kicad-jlcpcb-tools.store 246:Part R12 is already in the database but value, footprint, bom or pos values changed in the board file, part will be updated, lcsc overwritten/cleared.
12-18 00:04:12 com_github_bouni_kicad-jlcpcb-tools.store 246:Part R11 is already in the database but value, footprint, bom or pos values changed in the board file, part will be updated, lcsc overwritten/cleared.
12-18 00:04:12 com_github_bouni_kicad-jlcpcb-tools.store 246:Part R10 is already in the database but value, footprint, bom or pos values changed in the board file, part will be updated, lcsc overwritten/cleared.
12-18 00:04:12 com_github_bouni_kicad-jlcpcb-tools.store 246:Part R9 is already in the database but value, footprint, bom or pos values changed in the board file, part will be updated, lcsc overwritten/cleared.
12-18 00:04:12 com_github_bouni_kicad-jlcpcb-tools.store 246:Part R8 is already in the database but value, footprint, bom or pos values changed in the board file, part will be updated, lcsc overwritten/cleared.
12-18 00:04:12 com_github_bouni_kicad-jlcpcb-tools.store 246:Part R7 is already in the database but value, footprint, bom or pos values changed in the board file, part will be updated, lcsc overwritten/cleared.
12-18 00:04:12 com_github_bouni_kicad-jlcpcb-tools.store 246:Part R6 is already in the database but value, footprint, bom or pos values changed in the board file, part will be updated, lcsc overwritten/cleared.
12-18 00:04:12 com_github_bouni_kicad-jlcpcb-tools.store 246:Part R5 is already in the database but value, footprint, bom or pos values changed in the board file, part will be updated, lcsc overwritten/cleared.
12-18 00:04:12 com_github_bouni_kicad-jlcpcb-tools.store 246:Part R4 is already in the database but value, footprint, bom or pos values changed in the board file, part will be updated, lcsc overwritten/cleared.
12-18 00:04:12 com_github_bouni_kicad-jlcpcb-tools.store 246:Part R3 is already in the database but value, footprint, bom or pos values changed in the board file, part will be updated, lcsc overwritten/cleared.
12-18 00:04:12 com_github_bouni_kicad-jlcpcb-tools.store 246:Part R2 is already in the database but value, footprint, bom or pos values changed in the board file, part will be updated, lcsc overwritten/cleared.
12-18 00:04:12 com_github_bouni_kicad-jlcpcb-tools.store 246:Part R1 is already in the database but value, footprint, bom or pos values changed in the board file, part will be updated, lcsc overwritten/cleared.
12-18 00:04:13 com_github_bouni_kicad-jlcpcb-tools.store 246:Part Q22 is already in the database but value, footprint, bom or pos values changed in the board file, part will be updated, lcsc overwritten/cleared.
12-18 00:04:13 com_github_bouni_kicad-jlcpcb-tools.store 246:Part Q21 is already in the database but value, footprint, bom or pos values changed in the board file, part will be updated, lcsc overwritten/cleared.
12-18 00:04:13 com_github_bouni_kicad-jlcpcb-tools.store 246:Part Q20 is already in the database but value, footprint, bom or pos values changed in the board file, part will be updated, lcsc overwritten/cleared.
12-18 00:04:13 com_github_bouni_kicad-jlcpcb-tools.store 246:Part Q19 is already in the database but value, footprint, bom or pos values changed in the board file, part will be updated, lcsc overwritten/cleared.
12-18 00:04:13 com_github_bouni_kicad-jlcpcb-tools.store 246:Part Q18 is already in the database but value, footprint, bom or pos values changed in the board file, part will be updated, lcsc overwritten/cleared.
12-18 00:04:13 com_github_bouni_kicad-jlcpcb-tools.store 246:Part Q17 is already in the database but value, footprint, bom or pos values changed in the board file, part will be updated, lcsc overwritten/cleared.
12-18 00:04:13 com_github_bouni_kicad-jlcpcb-tools.store 246:Part Q16 is already in the database but value, footprint, bom or pos values changed in the board file, part will be updated, lcsc overwritten/cleared.
12-18 00:04:13 com_github_bouni_kicad-jlcpcb-tools.store 246:Part Q15 is already in the database but value, footprint, bom or pos values changed in the board file, part will be updated, lcsc overwritten/cleared.
12-18 00:04:13 com_github_bouni_kicad-jlcpcb-tools.store 246:Part Q14 is already in the database but value, footprint, bom or pos values changed in the board file, part will be updated, lcsc overwritten/cleared.
12-18 00:04:13 com_github_bouni_kicad-jlcpcb-tools.store 246:Part Q13 is already in the database but value, footprint, bom or pos values changed in the board file, part will be updated, lcsc overwritten/cleared.
12-18 00:04:13 com_github_bouni_kicad-jlcpcb-tools.store 246:Part Q12 is already in the database but value, footprint, bom or pos values changed in the board file, part will be updated, lcsc overwritten/cleared.
12-18 00:04:13 com_github_bouni_kicad-jlcpcb-tools.store 246:Part Q11 is already in the database but value, footprint, bom or pos values changed in the board file, part will be updated, lcsc overwritten/cleared.
12-18 00:04:13 com_github_bouni_kicad-jlcpcb-tools.store 246:Part Q10 is already in the database but value, footprint, bom or pos values changed in the board file, part will be updated, lcsc overwritten/cleared.
12-18 00:04:13 com_github_bouni_kicad-jlcpcb-tools.store 246:Part Q9 is already in the database but value, footprint, bom or pos values changed in the board file, part will be updated, lcsc overwritten/cleared.
12-18 00:04:13 com_github_bouni_kicad-jlcpcb-tools.store 246:Part Q8 is already in the database but value, footprint, bom or pos values changed in the board file, part will be updated, lcsc overwritten/cleared.
12-18 00:04:13 com_github_bouni_kicad-jlcpcb-tools.store 246:Part Q7 is already in the database but value, footprint, bom or pos values changed in the board file, part will be updated, lcsc overwritten/cleared.
12-18 00:04:13 com_github_bouni_kicad-jlcpcb-tools.store 246:Part Q6 is already in the database but value, footprint, bom or pos values changed in the board file, part will be updated, lcsc overwritten/cleared.
12-18 00:04:13 com_github_bouni_kicad-jlcpcb-tools.store 246:Part Q5 is already in the database but value, footprint, bom or pos values changed in the board file, part will be updated, lcsc overwritten/cleared.
12-18 00:04:13 com_github_bouni_kicad-jlcpcb-tools.store 246:Part Q4 is already in the database but value, footprint, bom or pos values changed in the board file, part will be updated, lcsc overwritten/cleared.
12-18 00:04:13 com_github_bouni_kicad-jlcpcb-tools.store 246:Part Q3 is already in the database but value, footprint, bom or pos values changed in the board file, part will be updated, lcsc overwritten/cleared.
12-18 00:04:13 com_github_bouni_kicad-jlcpcb-tools.store 246:Part Q2 is already in the database but value, footprint, bom or pos values changed in the board file, part will be updated, lcsc overwritten/cleared.
12-18 00:04:13 com_github_bouni_kicad-jlcpcb-tools.store 246:Part Q1 is already in the database but value, footprint, bom or pos values changed in the board file, part will be updated, lcsc overwritten/cleared.
12-18 00:04:14 com_github_bouni_kicad-jlcpcb-tools.store 246:Part J2 is already in the database but value, footprint, bom or pos values changed in the board file, part will be updated, lcsc overwritten/cleared.
12-18 00:04:14 com_github_bouni_kicad-jlcpcb-tools.store 246:Part J1 is already in the database but value, footprint, bom or pos values changed in the board file, part will be updated, lcsc overwritten/cleared.
12-18 00:04:14 com_github_bouni_kicad-jlcpcb-tools.store 246:Part D22 is already in the database but value, footprint, bom or pos values changed in the board file, part will be updated, lcsc overwritten/cleared.
12-18 00:04:14 com_github_bouni_kicad-jlcpcb-tools.store 246:Part D21 is already in the database but value, footprint, bom or pos values changed in the board file, part will be updated, lcsc overwritten/cleared.
12-18 00:04:14 com_github_bouni_kicad-jlcpcb-tools.store 246:Part D20 is already in the database but value, footprint, bom or pos values changed in the board file, part will be updated, lcsc overwritten/cleared.
12-18 00:04:14 com_github_bouni_kicad-jlcpcb-tools.store 246:Part D19 is already in the database but value, footprint, bom or pos values changed in the board file, part will be updated, lcsc overwritten/cleared.
12-18 00:04:14 com_github_bouni_kicad-jlcpcb-tools.store 246:Part D18 is already in the database but value, footprint, bom or pos values changed in the board file, part will be updated, lcsc overwritten/cleared.
12-18 00:04:14 com_github_bouni_kicad-jlcpcb-tools.store 246:Part D17 is already in the database but value, footprint, bom or pos values changed in the board file, part will be updated, lcsc overwritten/cleared.
12-18 00:04:14 com_github_bouni_kicad-jlcpcb-tools.store 246:Part D16 is already in the database but value, footprint, bom or pos values changed in the board file, part will be updated, lcsc overwritten/cleared.
12-18 00:04:14 com_github_bouni_kicad-jlcpcb-tools.store 246:Part D15 is already in the database but value, footprint, bom or pos values changed in the board file, part will be updated, lcsc overwritten/cleared.
12-18 00:04:14 com_github_bouni_kicad-jlcpcb-tools.store 246:Part D14 is already in the database but value, footprint, bom or pos values changed in the board file, part will be updated, lcsc overwritten/cleared.
12-18 00:04:14 com_github_bouni_kicad-jlcpcb-tools.store 246:Part D13 is already in the database but value, footprint, bom or pos values changed in the board file, part will be updated, lcsc overwritten/cleared.
12-18 00:04:14 com_github_bouni_kicad-jlcpcb-tools.store 246:Part D12 is already in the database but value, footprint, bom or pos values changed in the board file, part will be updated, lcsc overwritten/cleared.
12-18 00:04:14 com_github_bouni_kicad-jlcpcb-tools.store 246:Part D11 is already in the database but value, footprint, bom or pos values changed in the board file, part will be updated, lcsc overwritten/cleared.
12-18 00:04:14 com_github_bouni_kicad-jlcpcb-tools.store 246:Part D10 is already in the database but value, footprint, bom or pos values changed in the board file, part will be updated, lcsc overwritten/cleared.
12-18 00:04:14 com_github_bouni_kicad-jlcpcb-tools.store 246:Part D9 is already in the database but value, footprint, bom or pos values changed in the board file, part will be updated, lcsc overwritten/cleared.
12-18 00:04:14 com_github_bouni_kicad-jlcpcb-tools.store 246:Part D8 is already in the database but value, footprint, bom or pos values changed in the board file, part will be updated, lcsc overwritten/cleared.
12-18 00:04:14 com_github_bouni_kicad-jlcpcb-tools.store 246:Part D7 is already in the database but value, footprint, bom or pos values changed in the board file, part will be updated, lcsc overwritten/cleared.
12-18 00:04:14 com_github_bouni_kicad-jlcpcb-tools.store 246:Part D6 is already in the database but value, footprint, bom or pos values changed in the board file, part will be updated, lcsc overwritten/cleared.
12-18 00:04:14 com_github_bouni_kicad-jlcpcb-tools.store 246:Part D5 is already in the database but value, footprint, bom or pos values changed in the board file, part will be updated, lcsc overwritten/cleared.
12-18 00:04:14 com_github_bouni_kicad-jlcpcb-tools.store 246:Part D4 is already in the database but value, footprint, bom or pos values changed in the board file, part will be updated, lcsc overwritten/cleared.
12-18 00:04:14 com_github_bouni_kicad-jlcpcb-tools.store 246:Part D3 is already in the database but value, footprint, bom or pos values changed in the board file, part will be updated, lcsc overwritten/cleared.
12-18 00:04:15 com_github_bouni_kicad-jlcpcb-tools.store 246:Part D2 is already in the database but value, footprint, bom or pos values changed in the board file, part will be updated, lcsc overwritten/cleared.
12-18 00:04:15 com_github_bouni_kicad-jlcpcb-tools.store 246:Part D1 is already in the database but value, footprint, bom or pos values changed in the board file, part will be updated, lcsc overwritten/cleared.
12-18 00:07:23 com_github_bouni_kicad-jlcpcb-tools.fabrication 222:Successfully plotted Top layer
12-18 00:07:23 com_github_bouni_kicad-jlcpcb-tools.fabrication 222:Successfully plotted Silk top
12-18 00:07:23 com_github_bouni_kicad-jlcpcb-tools.fabrication 222:Successfully plotted Mask top
12-18 00:07:23 com_github_bouni_kicad-jlcpcb-tools.fabrication 222:Successfully plotted Paste top
12-18 00:07:23 com_github_bouni_kicad-jlcpcb-tools.fabrication 222:Successfully plotted Bottom layer
12-18 00:07:23 com_github_bouni_kicad-jlcpcb-tools.fabrication 222:Successfully plotted Silk top
12-18 00:07:23 com_github_bouni_kicad-jlcpcb-tools.fabrication 222:Successfully plotted Mask bottom
12-18 00:07:23 com_github_bouni_kicad-jlcpcb-tools.fabrication 222:Successfully plotted Paste bottom
12-18 00:07:23 com_github_bouni_kicad-jlcpcb-tools.fabrication 222:Successfully plotted Edges
12-18 00:07:23 com_github_bouni_kicad-jlcpcb-tools.fabrication 222:Successfully plotted V score cut
12-18 00:07:23 com_github_bouni_kicad-jlcpcb-tools.fabrication 237:Finished generating Excellon files
12-18 00:07:23 com_github_bouni_kicad-jlcpcb-tools.fabrication 254:Finished generating ZIP file
12-18 00:07:23 com_github_bouni_kicad-jlcpcb-tools.fabrication 289:Finished generating CPL file
12-18 00:07:23 com_github_bouni_kicad-jlcpcb-tools.fabrication 306:Finished generating BOM file
12-18 00:07:26 com_github_bouni_kicad-jlcpcb-tools.fabrication 222:Successfully plotted Top layer
12-18 00:07:26 com_github_bouni_kicad-jlcpcb-tools.fabrication 222:Successfully plotted Silk top
12-18 00:07:26 com_github_bouni_kicad-jlcpcb-tools.fabrication 222:Successfully plotted Mask top
12-18 00:07:26 com_github_bouni_kicad-jlcpcb-tools.fabrication 222:Successfully plotted Paste top
12-18 00:07:26 com_github_bouni_kicad-jlcpcb-tools.fabrication 222:Successfully plotted Bottom layer
12-18 00:07:26 com_github_bouni_kicad-jlcpcb-tools.fabrication 222:Successfully plotted Silk top
12-18 00:07:26 com_github_bouni_kicad-jlcpcb-tools.fabrication 222:Successfully plotted Mask bottom
12-18 00:07:26 com_github_bouni_kicad-jlcpcb-tools.fabrication 222:Successfully plotted Paste bottom
12-18 00:07:26 com_github_bouni_kicad-jlcpcb-tools.fabrication 222:Successfully plotted Edges
12-18 00:07:26 com_github_bouni_kicad-jlcpcb-tools.fabrication 222:Successfully plotted V score cut
12-18 00:07:26 com_github_bouni_kicad-jlcpcb-tools.fabrication 237:Finished generating Excellon files
12-18 00:07:26 com_github_bouni_kicad-jlcpcb-tools.fabrication 254:Finished generating ZIP file
12-18 00:07:26 com_github_bouni_kicad-jlcpcb-tools.fabrication 289:Finished generating CPL file
12-18 00:07:26 com_github_bouni_kicad-jlcpcb-tools.fabrication 306:Finished generating BOM file
