12-29 23:42:30 com_github_MitjaNemec_PlaceFootprints.action_place_footprints 647:Plugin executed on: 'win32'
12-29 23:42:30 com_github_MitjaNemec_PlaceFootprints.action_place_footprints 648:Plugin executed with python version: '3.11.5 (main, Jan 19 2024, 08:13:45) [MSC v.1936 64 bit (AMD64)]'
12-29 23:42:30 com_github_MitjaNemec_PlaceFootprints.action_place_footprints 649:KiCad build version: 8.0.1
12-29 23:42:30 com_github_MitjaNemec_PlaceFootprints.action_place_footprints 650:Plugin version: 3.0.0
12-29 23:42:30 com_github_MitjaNemec_PlaceFootprints.action_place_footprints 651:Frame repr: <wx._core.Frame object at 0x00000150BA94BEB0>
12-29 23:42:30 com_github_MitjaNemec_PlaceFootprints.place_footprints 121:getting a list of all footprints on board
12-29 23:42:30 com_github_MitjaNemec_PlaceFootprints.place_footprints 156:Footprint R22 on root level
12-29 23:42:30 com_github_MitjaNemec_PlaceFootprints.place_footprints 156:Footprint R11 on root level
12-29 23:42:30 com_github_MitjaNemec_PlaceFootprints.place_footprints 156:Footprint REF** on root level
12-29 23:42:30 com_github_MitjaNemec_PlaceFootprints.place_footprints 156:Footprint J8 on root level
12-29 23:42:30 com_github_MitjaNemec_PlaceFootprints.place_footprints 156:Footprint C21 on root level
12-29 23:42:30 com_github_MitjaNemec_PlaceFootprints.place_footprints 156:Footprint J6 on root level
12-29 23:42:30 com_github_MitjaNemec_PlaceFootprints.place_footprints 156:Footprint D3 on root level
12-29 23:42:30 com_github_MitjaNemec_PlaceFootprints.place_footprints 156:Footprint REF** on root level
12-29 23:42:30 com_github_MitjaNemec_PlaceFootprints.place_footprints 156:Footprint C14 on root level
12-29 23:42:30 com_github_MitjaNemec_PlaceFootprints.place_footprints 156:Footprint C24 on root level
12-29 23:42:30 com_github_MitjaNemec_PlaceFootprints.place_footprints 156:Footprint REF** on root level
12-29 23:42:30 com_github_MitjaNemec_PlaceFootprints.place_footprints 156:Footprint C13 on root level
12-29 23:42:30 com_github_MitjaNemec_PlaceFootprints.place_footprints 156:Footprint C22 on root level
12-29 23:42:30 com_github_MitjaNemec_PlaceFootprints.place_footprints 156:Footprint C11 on root level
12-29 23:42:30 com_github_MitjaNemec_PlaceFootprints.place_footprints 156:Footprint D1 on root level
12-29 23:42:30 com_github_MitjaNemec_PlaceFootprints.place_footprints 156:Footprint C16 on root level
12-29 23:42:30 com_github_MitjaNemec_PlaceFootprints.place_footprints 156:Footprint C15 on root level
12-29 23:42:30 com_github_MitjaNemec_PlaceFootprints.place_footprints 156:Footprint C10 on root level
12-29 23:42:30 com_github_MitjaNemec_PlaceFootprints.place_footprints 156:Footprint C3 on root level
12-29 23:42:30 com_github_MitjaNemec_PlaceFootprints.place_footprints 156:Footprint J3 on root level
12-29 23:42:30 com_github_MitjaNemec_PlaceFootprints.place_footprints 156:Footprint C7 on root level
12-29 23:42:30 com_github_MitjaNemec_PlaceFootprints.place_footprints 156:Footprint C27 on root level
12-29 23:42:30 com_github_MitjaNemec_PlaceFootprints.place_footprints 156:Footprint R17 on root level
12-29 23:42:30 com_github_MitjaNemec_PlaceFootprints.place_footprints 156:Footprint R13 on root level
12-29 23:42:30 com_github_MitjaNemec_PlaceFootprints.place_footprints 156:Footprint REF** on root level
12-29 23:42:30 com_github_MitjaNemec_PlaceFootprints.place_footprints 156:Footprint U19 on root level
12-29 23:42:30 com_github_MitjaNemec_PlaceFootprints.place_footprints 156:Footprint J7 on root level
12-29 23:42:30 com_github_MitjaNemec_PlaceFootprints.place_footprints 156:Footprint C6 on root level
12-29 23:42:30 com_github_MitjaNemec_PlaceFootprints.place_footprints 156:Footprint C25 on root level
12-29 23:42:30 com_github_MitjaNemec_PlaceFootprints.place_footprints 156:Footprint RV1 on root level
12-29 23:42:30 com_github_MitjaNemec_PlaceFootprints.place_footprints 156:Footprint R16 on root level
12-29 23:42:30 com_github_MitjaNemec_PlaceFootprints.place_footprints 156:Footprint R14 on root level
12-29 23:42:30 com_github_MitjaNemec_PlaceFootprints.place_footprints 156:Footprint R4 on root level
12-29 23:42:30 com_github_MitjaNemec_PlaceFootprints.place_footprints 156:Footprint R1 on root level
12-29 23:42:30 com_github_MitjaNemec_PlaceFootprints.place_footprints 156:Footprint R21 on root level
12-29 23:42:30 com_github_MitjaNemec_PlaceFootprints.place_footprints 156:Footprint C17 on root level
12-29 23:42:30 com_github_MitjaNemec_PlaceFootprints.place_footprints 156:Footprint D2 on root level
12-29 23:42:30 com_github_MitjaNemec_PlaceFootprints.place_footprints 156:Footprint R7 on root level
12-29 23:42:30 com_github_MitjaNemec_PlaceFootprints.place_footprints 156:Footprint R12 on root level
12-29 23:42:30 com_github_MitjaNemec_PlaceFootprints.place_footprints 156:Footprint SW4 on root level
12-29 23:42:30 com_github_MitjaNemec_PlaceFootprints.place_footprints 156:Footprint J2 on root level
12-29 23:42:30 com_github_MitjaNemec_PlaceFootprints.place_footprints 156:Footprint C18 on root level
12-29 23:42:30 com_github_MitjaNemec_PlaceFootprints.place_footprints 156:Footprint C23 on root level
12-29 23:42:30 com_github_MitjaNemec_PlaceFootprints.place_footprints 156:Footprint J4 on root level
12-29 23:42:30 com_github_MitjaNemec_PlaceFootprints.place_footprints 156:Footprint U17 on root level
12-29 23:42:30 com_github_MitjaNemec_PlaceFootprints.place_footprints 156:Footprint R6 on root level
12-29 23:42:30 com_github_MitjaNemec_PlaceFootprints.place_footprints 156:Footprint C19 on root level
12-29 23:42:30 com_github_MitjaNemec_PlaceFootprints.place_footprints 156:Footprint C9 on root level
12-29 23:42:30 com_github_MitjaNemec_PlaceFootprints.place_footprints 156:Footprint C5 on root level
12-29 23:42:30 com_github_MitjaNemec_PlaceFootprints.place_footprints 156:Footprint R9 on root level
12-29 23:42:30 com_github_MitjaNemec_PlaceFootprints.place_footprints 156:Footprint C20 on root level
12-29 23:42:30 com_github_MitjaNemec_PlaceFootprints.place_footprints 156:Footprint SW2 on root level
12-29 23:42:30 com_github_MitjaNemec_PlaceFootprints.place_footprints 156:Footprint C1 on root level
12-29 23:42:30 com_github_MitjaNemec_PlaceFootprints.place_footprints 156:Footprint U18 on root level
12-29 23:42:30 com_github_MitjaNemec_PlaceFootprints.place_footprints 156:Footprint C28 on root level
12-29 23:42:30 com_github_MitjaNemec_PlaceFootprints.place_footprints 156:Footprint SW1 on root level
12-29 23:42:30 com_github_MitjaNemec_PlaceFootprints.place_footprints 156:Footprint C26 on root level
12-29 23:42:30 com_github_MitjaNemec_PlaceFootprints.place_footprints 156:Footprint R2 on root level
12-29 23:42:30 com_github_MitjaNemec_PlaceFootprints.place_footprints 156:Footprint R5 on root level
12-29 23:42:30 com_github_MitjaNemec_PlaceFootprints.place_footprints 156:Footprint C12 on root level
12-29 23:42:30 com_github_MitjaNemec_PlaceFootprints.place_footprints 156:Footprint REF** on root level
12-29 23:42:30 com_github_MitjaNemec_PlaceFootprints.place_footprints 156:Footprint J5 on root level
12-29 23:42:30 com_github_MitjaNemec_PlaceFootprints.place_footprints 156:Footprint SW3 on root level
12-29 23:42:30 com_github_MitjaNemec_PlaceFootprints.place_footprints 156:Footprint C2 on root level
12-29 23:42:30 com_github_MitjaNemec_PlaceFootprints.place_footprints 156:Footprint REF** on root level
12-29 23:42:30 com_github_MitjaNemec_PlaceFootprints.place_footprints 156:Footprint R10 on root level
12-29 23:42:30 com_github_MitjaNemec_PlaceFootprints.place_footprints 156:Footprint R23 on root level
12-29 23:42:30 com_github_MitjaNemec_PlaceFootprints.place_footprints 156:Footprint REF** on root level
12-29 23:42:30 com_github_MitjaNemec_PlaceFootprints.place_footprints 156:Footprint C8 on root level
12-29 23:42:30 com_github_MitjaNemec_PlaceFootprints.place_footprints 156:Footprint C4 on root level
12-29 23:42:30 com_github_MitjaNemec_PlaceFootprints.place_footprints 156:Footprint R18 on root level
12-29 23:42:30 com_github_MitjaNemec_PlaceFootprints.place_footprints 156:Footprint R3 on root level
12-29 23:42:30 com_github_MitjaNemec_PlaceFootprints.place_footprints 156:Footprint R15 on root level
12-29 23:42:30 com_github_MitjaNemec_PlaceFootprints.place_footprints 156:Footprint R8 on root level
12-29 23:42:30 com_github_MitjaNemec_PlaceFootprints.place_footprints 156:Footprint REF** on root level
12-29 23:42:30 com_github_MitjaNemec_PlaceFootprints.place_footprints 156:Footprint U4 on root level
12-29 23:42:30 com_github_MitjaNemec_PlaceFootprints.place_footprints 156:Footprint U10 on root level
12-29 23:42:30 com_github_MitjaNemec_PlaceFootprints.place_footprints 156:Footprint U2 on root level
12-29 23:42:30 com_github_MitjaNemec_PlaceFootprints.place_footprints 156:Footprint J1 on root level
12-29 23:42:30 com_github_MitjaNemec_PlaceFootprints.place_footprints 156:Footprint U1 on root level
12-29 23:42:30 com_github_MitjaNemec_PlaceFootprints.place_footprints 156:Footprint U3 on root level
12-29 23:42:30 com_github_MitjaNemec_PlaceFootprints.place_footprints 156:Footprint J10 on root level
12-29 23:42:30 com_github_MitjaNemec_PlaceFootprints.place_footprints 156:Footprint U7 on root level
12-29 23:42:30 com_github_MitjaNemec_PlaceFootprints.place_footprints 156:Footprint U16 on root level
12-29 23:42:30 com_github_MitjaNemec_PlaceFootprints.place_footprints 156:Footprint U8 on root level
12-29 23:42:30 com_github_MitjaNemec_PlaceFootprints.place_footprints 156:Footprint U15 on root level
12-29 23:42:30 com_github_MitjaNemec_PlaceFootprints.place_footprints 156:Footprint U9 on root level
12-29 23:42:30 com_github_MitjaNemec_PlaceFootprints.place_footprints 156:Footprint JP2 on root level
12-29 23:42:30 com_github_MitjaNemec_PlaceFootprints.place_footprints 156:Footprint U14 on root level
12-29 23:42:30 com_github_MitjaNemec_PlaceFootprints.place_footprints 156:Footprint U12 on root level
12-29 23:42:30 com_github_MitjaNemec_PlaceFootprints.place_footprints 156:Footprint U5 on root level
12-29 23:42:30 com_github_MitjaNemec_PlaceFootprints.place_footprints 156:Footprint JP1 on root level
12-29 23:42:30 com_github_MitjaNemec_PlaceFootprints.place_footprints 156:Footprint R20 on root level
12-29 23:42:30 com_github_MitjaNemec_PlaceFootprints.place_footprints 156:Footprint U11 on root level
12-29 23:42:30 com_github_MitjaNemec_PlaceFootprints.place_footprints 156:Footprint U6 on root level
12-29 23:42:30 com_github_MitjaNemec_PlaceFootprints.place_footprints 156:Footprint U13 on root level
12-29 23:42:30 com_github_MitjaNemec_PlaceFootprints.place_footprints 156:Footprint J9 on root level
12-29 23:42:30 com_github_MitjaNemec_PlaceFootprints.place_footprints 156:Footprint R19 on root level
12-29 23:42:31 com_github_MitjaNemec_PlaceFootprints.action_place_footprints 830:Reference designator is: R
12-29 23:42:31 com_github_MitjaNemec_PlaceFootprints.action_place_footprints 831:Reference number is: 1
12-29 23:42:31 com_github_MitjaNemec_PlaceFootprints.action_place_footprints 863:Sorted and filtered list:
['R1', 'R2', 'R3', 'R4', 'R5', 'R6', 'R7', 'R8', 'R9', 'R10', 'R11', 'R12', 'R13', 'R14', 'R15', 'R16', 'R17', 'R18', 'R19', 'R20', 'R21', 'R22', 'R23']
12-29 23:42:31 com_github_MitjaNemec_PlaceFootprints.action_place_footprints 359:wx.Colour(240, 240, 240, 255)
12-29 23:42:36 com_github_MitjaNemec_PlaceFootprints.action_place_footprints 490:'49.5'
12-29 23:42:36 com_github_MitjaNemec_PlaceFootprints.action_place_footprints 542:Preparing config for reference circular
12-29 23:42:36 com_github_MitjaNemec_PlaceFootprints.action_place_footprints 556:Saving config file
12-29 23:42:36 com_github_MitjaNemec_PlaceFootprints.action_place_footprints 558:Saved the config file
12-29 23:42:36 com_github_MitjaNemec_PlaceFootprints.action_place_footprints 901:Footprints to place:
['R1', 'R2', 'R3', 'R4', 'R5', 'R6', 'R7', 'R8', 'R9', 'R10', 'R11', 'R12', 'R13', 'R14', 'R15', 'R16']
12-29 23:42:36 com_github_MitjaNemec_PlaceFootprints.place_footprints 330:Starting placing with circular layout
12-29 23:42:36 com_github_MitjaNemec_PlaceFootprints.place_footprints 340:reference footprint position at: VECTOR2I(0, -49500000)
12-29 23:42:36 com_github_MitjaNemec_PlaceFootprints.place_footprints 345:rotation center at: (0, 0.0)
12-29 23:42:36 com_github_MitjaNemec_PlaceFootprints.place_footprints 477:Text of: R1 has property "Keep upright" rotation might not look as intended
12-29 23:42:36 com_github_MitjaNemec_PlaceFootprints.place_footprints 477:Text of: R1 has property "Keep upright" rotation might not look as intended
12-29 23:42:36 com_github_MitjaNemec_PlaceFootprints.place_footprints 477:Text of: R1 has property "Keep upright" rotation might not look as intended
12-29 23:42:36 com_github_MitjaNemec_PlaceFootprints.place_footprints 477:Text of: R1 has property "Keep upright" rotation might not look as intended
12-29 23:42:36 com_github_MitjaNemec_PlaceFootprints.place_footprints 477:Text of: R1 has property "Keep upright" rotation might not look as intended
12-29 23:42:36 com_github_MitjaNemec_PlaceFootprints.place_footprints 477:Text of: R1 has property "Keep upright" rotation might not look as intended
12-29 23:42:36 com_github_MitjaNemec_PlaceFootprints.place_footprints 477:Text of: R1 has property "Keep upright" rotation might not look as intended
12-29 23:42:36 com_github_MitjaNemec_PlaceFootprints.place_footprints 477:Text of: R1 has property "Keep upright" rotation might not look as intended
12-29 23:42:36 com_github_MitjaNemec_PlaceFootprints.place_footprints 477:Text of: R1 has property "Keep upright" rotation might not look as intended
12-29 23:42:36 com_github_MitjaNemec_PlaceFootprints.place_footprints 477:Text of: R1 has property "Keep upright" rotation might not look as intended
12-29 23:42:36 com_github_MitjaNemec_PlaceFootprints.place_footprints 477:Text of: R1 has property "Keep upright" rotation might not look as intended
12-29 23:42:36 com_github_MitjaNemec_PlaceFootprints.place_footprints 477:Text of: R1 has property "Keep upright" rotation might not look as intended
12-29 23:42:36 com_github_MitjaNemec_PlaceFootprints.place_footprints 477:Text of: R1 has property "Keep upright" rotation might not look as intended
12-29 23:42:36 com_github_MitjaNemec_PlaceFootprints.place_footprints 477:Text of: R1 has property "Keep upright" rotation might not look as intended
12-29 23:42:36 com_github_MitjaNemec_PlaceFootprints.place_footprints 477:Text of: R1 has property "Keep upright" rotation might not look as intended
12-29 23:42:36 com_github_MitjaNemec_PlaceFootprints.place_footprints 477:Text of: R1 has property "Keep upright" rotation might not look as intended
12-29 23:42:36 com_github_MitjaNemec_PlaceFootprints.place_footprints 477:Text of: R1 has property "Keep upright" rotation might not look as intended
12-29 23:42:36 com_github_MitjaNemec_PlaceFootprints.place_footprints 477:Text of: R1 has property "Keep upright" rotation might not look as intended
12-29 23:42:36 com_github_MitjaNemec_PlaceFootprints.place_footprints 477:Text of: R1 has property "Keep upright" rotation might not look as intended
12-29 23:42:36 com_github_MitjaNemec_PlaceFootprints.place_footprints 477:Text of: R1 has property "Keep upright" rotation might not look as intended
12-29 23:42:36 com_github_MitjaNemec_PlaceFootprints.place_footprints 477:Text of: R1 has property "Keep upright" rotation might not look as intended
12-29 23:42:36 com_github_MitjaNemec_PlaceFootprints.place_footprints 477:Text of: R1 has property "Keep upright" rotation might not look as intended
12-29 23:42:36 com_github_MitjaNemec_PlaceFootprints.place_footprints 477:Text of: R1 has property "Keep upright" rotation might not look as intended
12-29 23:42:36 com_github_MitjaNemec_PlaceFootprints.place_footprints 477:Text of: R1 has property "Keep upright" rotation might not look as intended
12-29 23:42:36 com_github_MitjaNemec_PlaceFootprints.place_footprints 477:Text of: R1 has property "Keep upright" rotation might not look as intended
12-29 23:42:36 com_github_MitjaNemec_PlaceFootprints.place_footprints 477:Text of: R1 has property "Keep upright" rotation might not look as intended
12-29 23:42:36 com_github_MitjaNemec_PlaceFootprints.place_footprints 477:Text of: R1 has property "Keep upright" rotation might not look as intended
12-29 23:42:36 com_github_MitjaNemec_PlaceFootprints.place_footprints 477:Text of: R1 has property "Keep upright" rotation might not look as intended
12-29 23:42:36 com_github_MitjaNemec_PlaceFootprints.place_footprints 477:Text of: R1 has property "Keep upright" rotation might not look as intended
12-29 23:42:36 com_github_MitjaNemec_PlaceFootprints.place_footprints 477:Text of: R1 has property "Keep upright" rotation might not look as intended
12-29 23:42:36 com_github_MitjaNemec_PlaceFootprints.place_footprints 477:Text of: R1 has property "Keep upright" rotation might not look as intended
12-29 23:42:36 com_github_MitjaNemec_PlaceFootprints.place_footprints 477:Text of: R1 has property "Keep upright" rotation might not look as intended
12-29 23:42:36 com_github_MitjaNemec_PlaceFootprints.place_footprints 477:Text of: R1 has property "Keep upright" rotation might not look as intended
12-29 23:42:36 com_github_MitjaNemec_PlaceFootprints.place_footprints 477:Text of: R1 has property "Keep upright" rotation might not look as intended
12-29 23:42:36 com_github_MitjaNemec_PlaceFootprints.place_footprints 477:Text of: R1 has property "Keep upright" rotation might not look as intended
12-29 23:42:36 com_github_MitjaNemec_PlaceFootprints.place_footprints 477:Text of: R1 has property "Keep upright" rotation might not look as intended
12-29 23:42:36 com_github_MitjaNemec_PlaceFootprints.place_footprints 477:Text of: R1 has property "Keep upright" rotation might not look as intended
12-29 23:42:36 com_github_MitjaNemec_PlaceFootprints.place_footprints 477:Text of: R1 has property "Keep upright" rotation might not look as intended
12-29 23:42:36 com_github_MitjaNemec_PlaceFootprints.place_footprints 477:Text of: R1 has property "Keep upright" rotation might not look as intended
12-29 23:42:36 com_github_MitjaNemec_PlaceFootprints.place_footprints 477:Text of: R1 has property "Keep upright" rotation might not look as intended
12-29 23:42:36 com_github_MitjaNemec_PlaceFootprints.place_footprints 477:Text of: R1 has property "Keep upright" rotation might not look as intended
12-29 23:42:36 com_github_MitjaNemec_PlaceFootprints.place_footprints 477:Text of: R1 has property "Keep upright" rotation might not look as intended
12-29 23:42:36 com_github_MitjaNemec_PlaceFootprints.place_footprints 477:Text of: R1 has property "Keep upright" rotation might not look as intended
12-29 23:42:36 com_github_MitjaNemec_PlaceFootprints.place_footprints 477:Text of: R1 has property "Keep upright" rotation might not look as intended
12-29 23:42:36 com_github_MitjaNemec_PlaceFootprints.place_footprints 477:Text of: R1 has property "Keep upright" rotation might not look as intended
12-29 23:42:36 com_github_MitjaNemec_PlaceFootprints.action_place_footprints 916:Placing complete
