c:\github\2024-toiniot2\program\2024-new_abe\2025-02-28_radiocontroller\controller\controller\x64\debug\vc143.pdb
c:\github\2024-toiniot2\program\2024-new_abe\2025-02-28_radiocontroller\controller\controller\x64\debug\vc143.idb
c:\github\2024-toiniot2\program\2024-new_abe\2025-02-28_radiocontroller\controller\controller\x64\debug\main.obj
c:\github\2024-toiniot2\program\2024-new_abe\2025-02-28_radiocontroller\controller\controller\x64\debug\general.obj
c:\github\2024-toiniot2\program\2024-new_abe\2025-02-28_radiocontroller\controller\controller\x64\debug\gamepad.obj
c:\github\2024-toiniot2\program\2024-new_abe\2025-02-28_radiocontroller\controller\controller\x64\debug\controller.ilk
c:\github\2024-toiniot2\program\2024-new_abe\2025-02-28_radiocontroller\controller\x64\debug\controller.pdb
c:\github\2024-toiniot2\program\2024-new_abe\2025-02-28_radiocontroller\controller\controller\x64\debug\controller.tlog\cl.command.1.tlog
c:\github\2024-toiniot2\program\2024-new_abe\2025-02-28_radiocontroller\controller\controller\x64\debug\controller.tlog\cl.items.tlog
c:\github\2024-toiniot2\program\2024-new_abe\2025-02-28_radiocontroller\controller\controller\x64\debug\controller.tlog\cl.read.1.tlog
c:\github\2024-toiniot2\program\2024-new_abe\2025-02-28_radiocontroller\controller\controller\x64\debug\controller.tlog\cl.write.1.tlog
c:\github\2024-toiniot2\program\2024-new_abe\2025-02-28_radiocontroller\controller\controller\x64\debug\controller.tlog\link-cvtres.read.1.tlog
c:\github\2024-toiniot2\program\2024-new_abe\2025-02-28_radiocontroller\controller\controller\x64\debug\controller.tlog\link-cvtres.write.1.tlog
c:\github\2024-toiniot2\program\2024-new_abe\2025-02-28_radiocontroller\controller\controller\x64\debug\controller.tlog\link-rc.read.1.tlog
c:\github\2024-toiniot2\program\2024-new_abe\2025-02-28_radiocontroller\controller\controller\x64\debug\controller.tlog\link-rc.write.1.tlog
c:\github\2024-toiniot2\program\2024-new_abe\2025-02-28_radiocontroller\controller\controller\x64\debug\controller.tlog\link.28580-cvtres.read.1.tlog
c:\github\2024-toiniot2\program\2024-new_abe\2025-02-28_radiocontroller\controller\controller\x64\debug\controller.tlog\link.28580-cvtres.write.1.tlog
c:\github\2024-toiniot2\program\2024-new_abe\2025-02-28_radiocontroller\controller\controller\x64\debug\controller.tlog\link.28580-rc.read.1.tlog
c:\github\2024-toiniot2\program\2024-new_abe\2025-02-28_radiocontroller\controller\controller\x64\debug\controller.tlog\link.28580-rc.write.1.tlog
c:\github\2024-toiniot2\program\2024-new_abe\2025-02-28_radiocontroller\controller\controller\x64\debug\controller.tlog\link.28580.read.1.tlog
c:\github\2024-toiniot2\program\2024-new_abe\2025-02-28_radiocontroller\controller\controller\x64\debug\controller.tlog\link.28580.read.2.tlog
c:\github\2024-toiniot2\program\2024-new_abe\2025-02-28_radiocontroller\controller\controller\x64\debug\controller.tlog\link.28580.write.1.tlog
c:\github\2024-toiniot2\program\2024-new_abe\2025-02-28_radiocontroller\controller\controller\x64\debug\controller.tlog\link.command.1.tlog
c:\github\2024-toiniot2\program\2024-new_abe\2025-02-28_radiocontroller\controller\controller\x64\debug\controller.tlog\link.read.1.tlog
c:\github\2024-toiniot2\program\2024-new_abe\2025-02-28_radiocontroller\controller\controller\x64\debug\controller.tlog\link.read.2.tlog
c:\github\2024-toiniot2\program\2024-new_abe\2025-02-28_radiocontroller\controller\controller\x64\debug\controller.tlog\link.secondary.1.tlog
c:\github\2024-toiniot2\program\2024-new_abe\2025-02-28_radiocontroller\controller\controller\x64\debug\controller.tlog\link.write.1.tlog
