  main.cpp
C:\GitHub\2024-TOINIOT2\Program\2024-New_abe\2025-02-28_radioController\Controller\main.cpp(107,59): warning C4244: '引数': 'int' から 'float' への変換です。データが失われる可能性があります。
C:\GitHub\2024-TOINIOT2\Program\2024-New_abe\2025-02-28_radioController\Controller\main.cpp(107,52): warning C4244: '引数': 'int' から 'float' への変換です。データが失われる可能性があります。
C:\GitHub\2024-TOINIOT2\Program\2024-New_abe\2025-02-28_radioController\Controller\main.cpp(107,34): warning C4244: '引数': 'int' から 'float' への変換です。データが失われる可能性があります。
C:\GitHub\2024-TOINIOT2\Program\2024-New_abe\2025-02-28_radioController\Controller\main.cpp(107,29): warning C4244: '引数': 'int' から 'float' への変換です。データが失われる可能性があります。
C:\GitHub\2024-TOINIOT2\Program\2024-New_abe\2025-02-28_radioController\Controller\main.cpp(109,58): warning C4244: '引数': 'int' から 'float' への変換です。データが失われる可能性があります。
C:\GitHub\2024-TOINIOT2\Program\2024-New_abe\2025-02-28_radioController\Controller\main.cpp(109,51): warning C4244: '引数': 'int' から 'float' への変換です。データが失われる可能性があります。
C:\GitHub\2024-TOINIOT2\Program\2024-New_abe\2025-02-28_radioController\Controller\main.cpp(109,33): warning C4244: '引数': 'int' から 'float' への変換です。データが失われる可能性があります。
C:\GitHub\2024-TOINIOT2\Program\2024-New_abe\2025-02-28_radioController\Controller\main.cpp(109,28): warning C4244: '引数': 'int' から 'float' への変換です。データが失われる可能性があります。
C:\GitHub\2024-TOINIOT2\Program\2024-New_abe\2025-02-28_radioController\Controller\main.cpp(110,61): warning C4267: '引数': 'size_t' から 'int' に変換しました。データが失われているかもしれません。
C:\GitHub\2024-TOINIOT2\Program\2024-New_abe\2025-02-28_radioController\Controller\main.cpp(114,59): warning C4244: '引数': 'int' から 'float' への変換です。データが失われる可能性があります。
C:\GitHub\2024-TOINIOT2\Program\2024-New_abe\2025-02-28_radioController\Controller\main.cpp(114,52): warning C4244: '引数': 'int' から 'float' への変換です。データが失われる可能性があります。
C:\GitHub\2024-TOINIOT2\Program\2024-New_abe\2025-02-28_radioController\Controller\main.cpp(114,34): warning C4244: '引数': 'int' から 'float' への変換です。データが失われる可能性があります。
C:\GitHub\2024-TOINIOT2\Program\2024-New_abe\2025-02-28_radioController\Controller\main.cpp(114,29): warning C4244: '引数': 'int' から 'float' への変換です。データが失われる可能性があります。
C:\GitHub\2024-TOINIOT2\Program\2024-New_abe\2025-02-28_radioController\Controller\main.cpp(116,58): warning C4244: '引数': 'int' から 'float' への変換です。データが失われる可能性があります。
C:\GitHub\2024-TOINIOT2\Program\2024-New_abe\2025-02-28_radioController\Controller\main.cpp(116,51): warning C4244: '引数': 'int' から 'float' への変換です。データが失われる可能性があります。
C:\GitHub\2024-TOINIOT2\Program\2024-New_abe\2025-02-28_radioController\Controller\main.cpp(116,33): warning C4244: '引数': 'int' から 'float' への変換です。データが失われる可能性があります。
C:\GitHub\2024-TOINIOT2\Program\2024-New_abe\2025-02-28_radioController\Controller\main.cpp(116,28): warning C4244: '引数': 'int' から 'float' への変換です。データが失われる可能性があります。
C:\GitHub\2024-TOINIOT2\Program\2024-New_abe\2025-02-28_radioController\Controller\main.cpp(117,61): warning C4267: '引数': 'size_t' から 'int' に変換しました。データが失われているかもしれません。
C:\GitHub\2024-TOINIOT2\Program\2024-New_abe\2025-02-28_radioController\Controller\main.cpp(128,27): warning C4244: '引数': 'int' から 'float' への変換です。データが失われる可能性があります。
C:\GitHub\2024-TOINIOT2\Program\2024-New_abe\2025-02-28_radioController\Controller\main.cpp(128,24): warning C4244: '引数': 'int' から 'float' への変換です。データが失われる可能性があります。
C:\GitHub\2024-TOINIOT2\Program\2024-New_abe\2025-02-28_radioController\Controller\main.cpp(128,19): warning C4244: '引数': 'int' から 'float' への変換です。データが失われる可能性があります。
C:\GitHub\2024-TOINIOT2\Program\2024-New_abe\2025-02-28_radioController\Controller\main.cpp(130,26): warning C4244: '引数': 'int' から 'float' への変換です。データが失われる可能性があります。
C:\GitHub\2024-TOINIOT2\Program\2024-New_abe\2025-02-28_radioController\Controller\main.cpp(130,23): warning C4244: '引数': 'int' から 'float' への変換です。データが失われる可能性があります。
C:\GitHub\2024-TOINIOT2\Program\2024-New_abe\2025-02-28_radioController\Controller\main.cpp(130,18): warning C4244: '引数': 'int' から 'float' への変換です。データが失われる可能性があります。
C:\GitHub\2024-TOINIOT2\Program\2024-New_abe\2025-02-28_radioController\Controller\main.cpp(131,52): warning C4267: '引数': 'size_t' から 'int' に変換しました。データが失われているかもしれません。
C:\GitHub\2024-TOINIOT2\Program\2024-New_abe\2025-02-28_radioController\Controller\main.cpp(135,27): warning C4244: '引数': 'int' から 'float' への変換です。データが失われる可能性があります。
C:\GitHub\2024-TOINIOT2\Program\2024-New_abe\2025-02-28_radioController\Controller\main.cpp(135,24): warning C4244: '引数': 'int' から 'float' への変換です。データが失われる可能性があります。
C:\GitHub\2024-TOINIOT2\Program\2024-New_abe\2025-02-28_radioController\Controller\main.cpp(135,19): warning C4244: '引数': 'int' から 'float' への変換です。データが失われる可能性があります。
C:\GitHub\2024-TOINIOT2\Program\2024-New_abe\2025-02-28_radioController\Controller\main.cpp(137,26): warning C4244: '引数': 'int' から 'float' への変換です。データが失われる可能性があります。
C:\GitHub\2024-TOINIOT2\Program\2024-New_abe\2025-02-28_radioController\Controller\main.cpp(137,23): warning C4244: '引数': 'int' から 'float' への変換です。データが失われる可能性があります。
C:\GitHub\2024-TOINIOT2\Program\2024-New_abe\2025-02-28_radioController\Controller\main.cpp(137,18): warning C4244: '引数': 'int' から 'float' への変換です。データが失われる可能性があります。
C:\GitHub\2024-TOINIOT2\Program\2024-New_abe\2025-02-28_radioController\Controller\main.cpp(138,52): warning C4267: '引数': 'size_t' から 'int' に変換しました。データが失われているかもしれません。
C:\GitHub\2024-TOINIOT2\Program\2024-New_abe\2025-02-28_radioController\Controller\main.cpp(143,27): warning C4244: '引数': 'int' から 'float' への変換です。データが失われる可能性があります。
C:\GitHub\2024-TOINIOT2\Program\2024-New_abe\2025-02-28_radioController\Controller\main.cpp(143,22): warning C4244: '引数': 'int' から 'float' への変換です。データが失われる可能性があります。
C:\GitHub\2024-TOINIOT2\Program\2024-New_abe\2025-02-28_radioController\Controller\main.cpp(143,17): warning C4244: '引数': 'int' から 'float' への変換です。データが失われる可能性があります。
C:\GitHub\2024-TOINIOT2\Program\2024-New_abe\2025-02-28_radioController\Controller\main.cpp(145,26): warning C4244: '引数': 'int' から 'float' への変換です。データが失われる可能性があります。
C:\GitHub\2024-TOINIOT2\Program\2024-New_abe\2025-02-28_radioController\Controller\main.cpp(145,21): warning C4244: '引数': 'int' から 'float' への変換です。データが失われる可能性があります。
C:\GitHub\2024-TOINIOT2\Program\2024-New_abe\2025-02-28_radioController\Controller\main.cpp(145,16): warning C4244: '引数': 'int' から 'float' への変換です。データが失われる可能性があります。
C:\GitHub\2024-TOINIOT2\Program\2024-New_abe\2025-02-28_radioController\Controller\main.cpp(146,48): warning C4267: '引数': 'size_t' から 'int' に変換しました。データが失われているかもしれません。
C:\GitHub\2024-TOINIOT2\Program\2024-New_abe\2025-02-28_radioController\Controller\main.cpp(150,27): warning C4244: '引数': 'int' から 'float' への変換です。データが失われる可能性があります。
C:\GitHub\2024-TOINIOT2\Program\2024-New_abe\2025-02-28_radioController\Controller\main.cpp(150,22): warning C4244: '引数': 'int' から 'float' への変換です。データが失われる可能性があります。
C:\GitHub\2024-TOINIOT2\Program\2024-New_abe\2025-02-28_radioController\Controller\main.cpp(150,17): warning C4244: '引数': 'int' から 'float' への変換です。データが失われる可能性があります。
C:\GitHub\2024-TOINIOT2\Program\2024-New_abe\2025-02-28_radioController\Controller\main.cpp(152,26): warning C4244: '引数': 'int' から 'float' への変換です。データが失われる可能性があります。
C:\GitHub\2024-TOINIOT2\Program\2024-New_abe\2025-02-28_radioController\Controller\main.cpp(152,21): warning C4244: '引数': 'int' から 'float' への変換です。データが失われる可能性があります。
C:\GitHub\2024-TOINIOT2\Program\2024-New_abe\2025-02-28_radioController\Controller\main.cpp(152,16): warning C4244: '引数': 'int' から 'float' への変換です。データが失われる可能性があります。
C:\GitHub\2024-TOINIOT2\Program\2024-New_abe\2025-02-28_radioController\Controller\main.cpp(153,48): warning C4267: '引数': 'size_t' から 'int' に変換しました。データが失われているかもしれません。
C:\GitHub\2024-TOINIOT2\Program\2024-New_abe\2025-02-28_radioController\Controller\main.cpp(166,28): warning C4244: '引数': 'int' から 'float' への変換です。データが失われる可能性があります。
C:\GitHub\2024-TOINIOT2\Program\2024-New_abe\2025-02-28_radioController\Controller\main.cpp(166,25): warning C4244: '引数': 'int' から 'float' への変換です。データが失われる可能性があります。
C:\GitHub\2024-TOINIOT2\Program\2024-New_abe\2025-02-28_radioController\Controller\main.cpp(166,20): warning C4244: '引数': 'int' から 'float' への変換です。データが失われる可能性があります。
C:\GitHub\2024-TOINIOT2\Program\2024-New_abe\2025-02-28_radioController\Controller\main.cpp(170,28): warning C4244: '引数': 'int' から 'float' への変換です。データが失われる可能性があります。
C:\GitHub\2024-TOINIOT2\Program\2024-New_abe\2025-02-28_radioController\Controller\main.cpp(170,25): warning C4244: '引数': 'int' から 'float' への変換です。データが失われる可能性があります。
C:\GitHub\2024-TOINIOT2\Program\2024-New_abe\2025-02-28_radioController\Controller\main.cpp(170,20): warning C4244: '引数': 'int' から 'float' への変換です。データが失われる可能性があります。
C:\GitHub\2024-TOINIOT2\Program\2024-New_abe\2025-02-28_radioController\Controller\main.cpp(174,28): warning C4244: '引数': 'int' から 'float' への変換です。データが失われる可能性があります。
C:\GitHub\2024-TOINIOT2\Program\2024-New_abe\2025-02-28_radioController\Controller\main.cpp(174,23): warning C4244: '引数': 'int' から 'float' への変換です。データが失われる可能性があります。
C:\GitHub\2024-TOINIOT2\Program\2024-New_abe\2025-02-28_radioController\Controller\main.cpp(174,18): warning C4244: '引数': 'int' から 'float' への変換です。データが失われる可能性があります。
C:\GitHub\2024-TOINIOT2\Program\2024-New_abe\2025-02-28_radioController\Controller\main.cpp(178,28): warning C4244: '引数': 'int' から 'float' への変換です。データが失われる可能性があります。
C:\GitHub\2024-TOINIOT2\Program\2024-New_abe\2025-02-28_radioController\Controller\main.cpp(178,23): warning C4244: '引数': 'int' から 'float' への変換です。データが失われる可能性があります。
C:\GitHub\2024-TOINIOT2\Program\2024-New_abe\2025-02-28_radioController\Controller\main.cpp(178,18): warning C4244: '引数': 'int' から 'float' への変換です。データが失われる可能性があります。
C:\GitHub\2024-TOINIOT2\Program\2024-New_abe\2025-02-28_radioController\Controller\main.cpp(183,26): warning C4244: '引数': 'int' から 'float' への変換です。データが失われる可能性があります。
C:\GitHub\2024-TOINIOT2\Program\2024-New_abe\2025-02-28_radioController\Controller\main.cpp(183,23): warning C4244: '引数': 'int' から 'float' への変換です。データが失われる可能性があります。
C:\GitHub\2024-TOINIOT2\Program\2024-New_abe\2025-02-28_radioController\Controller\main.cpp(183,18): warning C4244: '引数': 'int' から 'float' への変換です。データが失われる可能性があります。
C:\GitHub\2024-TOINIOT2\Program\2024-New_abe\2025-02-28_radioController\Controller\main.cpp(184,54): warning C4267: '引数': 'size_t' から 'int' に変換しました。データが失われているかもしれません。
C:\GitHub\2024-TOINIOT2\Program\2024-New_abe\2025-02-28_radioController\Controller\main.cpp(187,26): warning C4244: '引数': 'int' から 'float' への変換です。データが失われる可能性があります。
C:\GitHub\2024-TOINIOT2\Program\2024-New_abe\2025-02-28_radioController\Controller\main.cpp(187,23): warning C4244: '引数': 'int' から 'float' への変換です。データが失われる可能性があります。
C:\GitHub\2024-TOINIOT2\Program\2024-New_abe\2025-02-28_radioController\Controller\main.cpp(187,18): warning C4244: '引数': 'int' から 'float' への変換です。データが失われる可能性があります。
C:\GitHub\2024-TOINIOT2\Program\2024-New_abe\2025-02-28_radioController\Controller\main.cpp(188,54): warning C4267: '引数': 'size_t' から 'int' に変換しました。データが失われているかもしれません。
C:\GitHub\2024-TOINIOT2\Program\2024-New_abe\2025-02-28_radioController\Controller\main.cpp(192,26): warning C4244: '引数': 'int' から 'float' への変換です。データが失われる可能性があります。
C:\GitHub\2024-TOINIOT2\Program\2024-New_abe\2025-02-28_radioController\Controller\main.cpp(192,21): warning C4244: '引数': 'int' から 'float' への変換です。データが失われる可能性があります。
C:\GitHub\2024-TOINIOT2\Program\2024-New_abe\2025-02-28_radioController\Controller\main.cpp(192,16): warning C4244: '引数': 'int' から 'float' への変換です。データが失われる可能性があります。
C:\GitHub\2024-TOINIOT2\Program\2024-New_abe\2025-02-28_radioController\Controller\main.cpp(193,50): warning C4267: '引数': 'size_t' から 'int' に変換しました。データが失われているかもしれません。
C:\GitHub\2024-TOINIOT2\Program\2024-New_abe\2025-02-28_radioController\Controller\main.cpp(196,26): warning C4244: '引数': 'int' から 'float' への変換です。データが失われる可能性があります。
C:\GitHub\2024-TOINIOT2\Program\2024-New_abe\2025-02-28_radioController\Controller\main.cpp(196,21): warning C4244: '引数': 'int' から 'float' への変換です。データが失われる可能性があります。
C:\GitHub\2024-TOINIOT2\Program\2024-New_abe\2025-02-28_radioController\Controller\main.cpp(196,16): warning C4244: '引数': 'int' から 'float' への変換です。データが失われる可能性があります。
C:\GitHub\2024-TOINIOT2\Program\2024-New_abe\2025-02-28_radioController\Controller\main.cpp(197,50): warning C4267: '引数': 'size_t' から 'int' に変換しました。データが失われているかもしれません。
C:\GitHub\2024-TOINIOT2\Program\2024-New_abe\2025-02-28_radioController\Controller\main.cpp(207,23): warning C4244: '引数': 'int' から 'float' への変換です。データが失われる可能性があります。
C:\GitHub\2024-TOINIOT2\Program\2024-New_abe\2025-02-28_radioController\Controller\main.cpp(207,20): warning C4244: '引数': 'int' から 'float' への変換です。データが失われる可能性があります。
C:\GitHub\2024-TOINIOT2\Program\2024-New_abe\2025-02-28_radioController\Controller\main.cpp(207,17): warning C4244: '引数': 'int' から 'float' への変換です。データが失われる可能性があります。
C:\GitHub\2024-TOINIOT2\Program\2024-New_abe\2025-02-28_radioController\Controller\main.cpp(209,22): warning C4244: '引数': 'int' から 'float' への変換です。データが失われる可能性があります。
C:\GitHub\2024-TOINIOT2\Program\2024-New_abe\2025-02-28_radioController\Controller\main.cpp(209,19): warning C4244: '引数': 'int' から 'float' への変換です。データが失われる可能性があります。
C:\GitHub\2024-TOINIOT2\Program\2024-New_abe\2025-02-28_radioController\Controller\main.cpp(209,16): warning C4244: '引数': 'int' から 'float' への変換です。データが失われる可能性があります。
C:\GitHub\2024-TOINIOT2\Program\2024-New_abe\2025-02-28_radioController\Controller\main.cpp(210,50): warning C4267: '引数': 'size_t' から 'int' に変換しました。データが失われているかもしれません。
C:\GitHub\2024-TOINIOT2\Program\2024-New_abe\2025-02-28_radioController\Controller\main.cpp(215,23): warning C4244: '引数': 'int' から 'float' への変換です。データが失われる可能性があります。
C:\GitHub\2024-TOINIOT2\Program\2024-New_abe\2025-02-28_radioController\Controller\main.cpp(215,20): warning C4244: '引数': 'int' から 'float' への変換です。データが失われる可能性があります。
C:\GitHub\2024-TOINIOT2\Program\2024-New_abe\2025-02-28_radioController\Controller\main.cpp(215,17): warning C4244: '引数': 'int' から 'float' への変換です。データが失われる可能性があります。
C:\GitHub\2024-TOINIOT2\Program\2024-New_abe\2025-02-28_radioController\Controller\main.cpp(217,22): warning C4244: '引数': 'int' から 'float' への変換です。データが失われる可能性があります。
C:\GitHub\2024-TOINIOT2\Program\2024-New_abe\2025-02-28_radioController\Controller\main.cpp(217,19): warning C4244: '引数': 'int' から 'float' への変換です。データが失われる可能性があります。
C:\GitHub\2024-TOINIOT2\Program\2024-New_abe\2025-02-28_radioController\Controller\main.cpp(217,16): warning C4244: '引数': 'int' から 'float' への変換です。データが失われる可能性があります。
C:\GitHub\2024-TOINIOT2\Program\2024-New_abe\2025-02-28_radioController\Controller\main.cpp(218,50): warning C4267: '引数': 'size_t' から 'int' に変換しました。データが失われているかもしれません。
C:\GitHub\2024-TOINIOT2\Program\2024-New_abe\2025-02-28_radioController\Controller\main.cpp(229,23): warning C4244: '引数': 'int' から 'float' への変換です。データが失われる可能性があります。
C:\GitHub\2024-TOINIOT2\Program\2024-New_abe\2025-02-28_radioController\Controller\main.cpp(229,20): warning C4244: '引数': 'int' から 'float' への変換です。データが失われる可能性があります。
C:\GitHub\2024-TOINIOT2\Program\2024-New_abe\2025-02-28_radioController\Controller\main.cpp(229,17): warning C4244: '引数': 'int' から 'float' への変換です。データが失われる可能性があります。
C:\GitHub\2024-TOINIOT2\Program\2024-New_abe\2025-02-28_radioController\Controller\main.cpp(231,22): warning C4244: '引数': 'int' から 'float' への変換です。データが失われる可能性があります。
C:\GitHub\2024-TOINIOT2\Program\2024-New_abe\2025-02-28_radioController\Controller\main.cpp(231,19): warning C4244: '引数': 'int' から 'float' への変換です。データが失われる可能性があります。
C:\GitHub\2024-TOINIOT2\Program\2024-New_abe\2025-02-28_radioController\Controller\main.cpp(231,16): warning C4244: '引数': 'int' から 'float' への変換です。データが失われる可能性があります。
C:\GitHub\2024-TOINIOT2\Program\2024-New_abe\2025-02-28_radioController\Controller\main.cpp(232,31): warning C4244: '引数': 'int' から 'float' への変換です。データが失われる可能性があります。
C:\GitHub\2024-TOINIOT2\Program\2024-New_abe\2025-02-28_radioController\Controller\main.cpp(232,26): warning C4244: '引数': 'int' から 'float' への変換です。データが失われる可能性があります。
C:\GitHub\2024-TOINIOT2\Program\2024-New_abe\2025-02-28_radioController\Controller\main.cpp(232,21): warning C4244: '引数': 'int' から 'float' への変換です。データが失われる可能性があります。
C:\GitHub\2024-TOINIOT2\Program\2024-New_abe\2025-02-28_radioController\Controller\main.cpp(232,16): warning C4244: '引数': 'int' から 'float' への変換です。データが失われる可能性があります。
C:\GitHub\2024-TOINIOT2\Program\2024-New_abe\2025-02-28_radioController\Controller\main.cpp(233,29): warning C4244: '引数': 'int' から 'float' への変換です。データが失われる可能性があります。
C:\GitHub\2024-TOINIOT2\Program\2024-New_abe\2025-02-28_radioController\Controller\main.cpp(233,24): warning C4244: '引数': 'int' から 'float' への変換です。データが失われる可能性があります。
C:\GitHub\2024-TOINIOT2\Program\2024-New_abe\2025-02-28_radioController\Controller\main.cpp(233,19): warning C4244: '引数': 'int' から 'float' への変換です。データが失われる可能性があります。
C:\GitHub\2024-TOINIOT2\Program\2024-New_abe\2025-02-28_radioController\Controller\main.cpp(233,14): warning C4244: '引数': 'int' から 'float' への変換です。データが失われる可能性があります。
C:\GitHub\2024-TOINIOT2\Program\2024-New_abe\2025-02-28_radioController\Controller\main.cpp(238,53): warning C4244: '引数': 'double' から 'float' への変換です。データが失われる可能性があります。
C:\GitHub\2024-TOINIOT2\Program\2024-New_abe\2025-02-28_radioController\Controller\main.cpp(238,18): warning C4244: '引数': 'double' から 'float' への変換です。データが失われる可能性があります。
C:\GitHub\2024-TOINIOT2\Program\2024-New_abe\2025-02-28_radioController\Controller\main.cpp(246,23): warning C4244: '引数': 'int' から 'float' への変換です。データが失われる可能性があります。
C:\GitHub\2024-TOINIOT2\Program\2024-New_abe\2025-02-28_radioController\Controller\main.cpp(246,20): warning C4244: '引数': 'int' から 'float' への変換です。データが失われる可能性があります。
C:\GitHub\2024-TOINIOT2\Program\2024-New_abe\2025-02-28_radioController\Controller\main.cpp(246,17): warning C4244: '引数': 'int' から 'float' への変換です。データが失われる可能性があります。
C:\GitHub\2024-TOINIOT2\Program\2024-New_abe\2025-02-28_radioController\Controller\main.cpp(248,22): warning C4244: '引数': 'int' から 'float' への変換です。データが失われる可能性があります。
C:\GitHub\2024-TOINIOT2\Program\2024-New_abe\2025-02-28_radioController\Controller\main.cpp(248,19): warning C4244: '引数': 'int' から 'float' への変換です。データが失われる可能性があります。
C:\GitHub\2024-TOINIOT2\Program\2024-New_abe\2025-02-28_radioController\Controller\main.cpp(248,16): warning C4244: '引数': 'int' から 'float' への変換です。データが失われる可能性があります。
C:\GitHub\2024-TOINIOT2\Program\2024-New_abe\2025-02-28_radioController\Controller\main.cpp(249,31): warning C4244: '引数': 'int' から 'float' への変換です。データが失われる可能性があります。
C:\GitHub\2024-TOINIOT2\Program\2024-New_abe\2025-02-28_radioController\Controller\main.cpp(249,26): warning C4244: '引数': 'int' から 'float' への変換です。データが失われる可能性があります。
C:\GitHub\2024-TOINIOT2\Program\2024-New_abe\2025-02-28_radioController\Controller\main.cpp(249,21): warning C4244: '引数': 'int' から 'float' への変換です。データが失われる可能性があります。
C:\GitHub\2024-TOINIOT2\Program\2024-New_abe\2025-02-28_radioController\Controller\main.cpp(249,16): warning C4244: '引数': 'int' から 'float' への変換です。データが失われる可能性があります。
C:\GitHub\2024-TOINIOT2\Program\2024-New_abe\2025-02-28_radioController\Controller\main.cpp(250,29): warning C4244: '引数': 'int' から 'float' への変換です。データが失われる可能性があります。
C:\GitHub\2024-TOINIOT2\Program\2024-New_abe\2025-02-28_radioController\Controller\main.cpp(250,24): warning C4244: '引数': 'int' から 'float' への変換です。データが失われる可能性があります。
C:\GitHub\2024-TOINIOT2\Program\2024-New_abe\2025-02-28_radioController\Controller\main.cpp(250,19): warning C4244: '引数': 'int' から 'float' への変換です。データが失われる可能性があります。
C:\GitHub\2024-TOINIOT2\Program\2024-New_abe\2025-02-28_radioController\Controller\main.cpp(250,14): warning C4244: '引数': 'int' から 'float' への変換です。データが失われる可能性があります。
C:\GitHub\2024-TOINIOT2\Program\2024-New_abe\2025-02-28_radioController\Controller\main.cpp(255,53): warning C4244: '引数': 'double' から 'float' への変換です。データが失われる可能性があります。
C:\GitHub\2024-TOINIOT2\Program\2024-New_abe\2025-02-28_radioController\Controller\main.cpp(255,18): warning C4244: '引数': 'double' から 'float' への変換です。データが失われる可能性があります。
  Controller.vcxproj -> C:\GitHub\2024-TOINIOT2\Program\2024-New_abe\2025-02-28_radioController\Controller\x64\Debug\Controller.exe
